2026-01-04 13:42:38,499 - utils.logger_utils - INFO - 启动为移动端模拟模式
2026-01-04 13:42:38,500 - utils.logger_utils - INFO - User-Agent: Mozilla/5.0 (iPhone; CPU iPhone OS 17_0 like Mac OS X) AppleWebKit/605.1.15 (KHTML, like Gecko) Version/17.0 Mobile/15E148 Safari/604.1
2026-01-04 13:42:38,516 - utils.logger_utils - INFO - 轮播图标题: ['CEO baby', 'Wake Up Dad! Wedding Time', 'The Thief Lover']
2026-01-04 13:42:38,516 - utils.logger_utils - INFO - 开始执行剧首页测试
2026-01-04 13:42:38,516 - utils.logger_utils - INFO - 开始剧首页测试
2026-01-04 13:42:40,536 - utils.logger_utils - INFO - 打开剧首页
2026-01-04 13:42:40,537 - utils.logger_utils - INFO - 测试点击添加收藏按钮
2026-01-04 13:42:42,250 - utils.logger_utils - INFO - 成功点击元素: css:div.button
2026-01-04 13:42:44,256 - utils.logger_utils - INFO - 测试点击第三集
2026-01-04 13:42:44,502 - utils.logger_utils - INFO - 成功点击免费剧集
2026-01-04 13:42:46,508 - utils.logger_utils - INFO - 剧首页测试完成
2026-01-04 13:43:09,625 - utils.logger_utils - INFO - 启动为移动端模拟模式
2026-01-04 13:43:09,627 - utils.logger_utils - INFO - User-Agent: Mozilla/5.0 (iPhone; CPU iPhone OS 17_0 like Mac OS X) AppleWebKit/605.1.15 (KHTML, like Gecko) Version/17.0 Mobile/15E148 Safari/604.1
2026-01-04 13:43:12,071 - utils.logger_utils - INFO - 轮播图标题: ['Wake Up Dad! Wedding Time', 'The Thief Lover', 'CEO baby']
2026-01-04 13:43:12,071 - utils.logger_utils - INFO - 开始执行剧首页测试
2026-01-04 13:43:12,071 - utils.logger_utils - INFO - 开始剧首页测试
2026-01-04 13:43:15,575 - utils.logger_utils - INFO - 打开剧首页
2026-01-04 13:43:15,576 - utils.logger_utils - INFO - 测试点击添加收藏按钮
2026-01-04 13:43:15,855 - utils.logger_utils - INFO - 成功点击元素: div.button
2026-01-04 13:43:17,860 - utils.logger_utils - INFO - 测试点击第三集
2026-01-04 13:43:18,107 - utils.logger_utils - INFO - 成功点击免费剧集
2026-01-04 13:43:20,113 - utils.logger_utils - INFO - 剧首页测试完成
2026-01-04 13:44:31,592 - utils.logger_utils - INFO - 启动为移动端模拟模式
2026-01-04 13:44:31,646 - utils.logger_utils - INFO - User-Agent: Mozilla/5.0 (iPhone; CPU iPhone OS 17_0 like Mac OS X) AppleWebKit/605.1.15 (KHTML, like Gecko) Version/17.0 Mobile/15E148 Safari/604.1
2026-01-04 13:44:34,140 - utils.logger_utils - INFO - 轮播图标题: ['CEO baby', 'Wake Up Dad! Wedding Time', 'The Thief Lover']
2026-01-04 13:44:34,140 - utils.logger_utils - INFO - 开始执行剧首页测试
2026-01-04 13:44:34,140 - utils.logger_utils - INFO - 开始剧首页测试
2026-01-04 13:44:34,899 - utils.logger_utils - INFO - 打开剧首页
2026-01-04 13:44:34,900 - utils.logger_utils - INFO - 测试点击添加收藏按钮
2026-01-04 13:44:36,235 - utils.logger_utils - INFO - 成功点击元素: css:div.button
2026-01-04 13:44:38,241 - utils.logger_utils - INFO - 测试点击第三集
2026-01-04 13:44:38,474 - utils.logger_utils - INFO - 成功点击免费剧集
2026-01-04 13:44:40,478 - utils.logger_utils - INFO - 剧首页测试完成
2026-01-04 13:44:57,559 - utils.logger_utils - INFO - 启动为移动端模拟模式
2026-01-04 13:44:57,561 - utils.logger_utils - INFO - User-Agent: Mozilla/5.0 (iPhone; CPU iPhone OS 17_0 like Mac OS X) AppleWebKit/605.1.15 (KHTML, like Gecko) Version/17.0 Mobile/15E148 Safari/604.1
2026-01-04 13:44:58,858 - utils.logger_utils - INFO - 轮播图标题: ['CEO baby', 'Wake Up Dad! Wedding Time', 'The Thief Lover']
2026-01-04 13:44:58,858 - utils.logger_utils - INFO - 开始执行剧首页测试
2026-01-04 13:44:58,858 - utils.logger_utils - INFO - 开始剧首页测试
2026-01-04 13:44:59,699 - utils.logger_utils - INFO - 打开剧首页
2026-01-04 13:44:59,699 - utils.logger_utils - INFO - 测试点击添加收藏按钮
2026-01-04 13:45:02,177 - utils.logger_utils - INFO - 成功点击元素: css:div.button
2026-01-04 13:45:04,183 - utils.logger_utils - INFO - 测试点击第三集
2026-01-04 13:45:04,433 - utils.logger_utils - INFO - 成功点击免费剧集
2026-01-04 13:45:06,437 - utils.logger_utils - INFO - 剧首页测试完成
2026-01-04 13:45:28,542 - utils.logger_utils - INFO - 启动为移动端模拟模式
2026-01-04 13:45:28,544 - utils.logger_utils - INFO - User-Agent: Mozilla/5.0 (iPhone; CPU iPhone OS 17_0 like Mac OS X) AppleWebKit/605.1.15 (KHTML, like Gecko) Version/17.0 Mobile/15E148 Safari/604.1
2026-01-04 13:45:30,973 - utils.logger_utils - INFO - 轮播图标题: ['Wake Up Dad! Wedding Time', 'The Thief Lover', 'CEO baby']
2026-01-04 13:45:30,973 - utils.logger_utils - INFO - 开始执行剧首页测试
2026-01-04 13:45:30,973 - utils.logger_utils - INFO - 开始剧首页测试
2026-01-04 13:45:31,518 - utils.logger_utils - INFO - 打开剧首页
2026-01-04 13:45:31,518 - utils.logger_utils - INFO - 测试点击添加收藏按钮
2026-01-04 13:45:33,659 - utils.logger_utils - INFO - 成功点击元素: css:div.button
2026-01-04 13:45:35,664 - utils.logger_utils - INFO - 测试点击第三集
2026-01-04 13:45:35,916 - utils.logger_utils - INFO - 成功点击免费剧集
2026-01-04 13:45:37,921 - utils.logger_utils - INFO - 剧首页测试完成
2026-01-04 13:47:15,830 - utils.logger_utils - INFO - 启动为移动端模拟模式
2026-01-04 13:47:15,832 - utils.logger_utils - INFO - User-Agent: Mozilla/5.0 (iPhone; CPU iPhone OS 17_0 like Mac OS X) AppleWebKit/605.1.15 (KHTML, like Gecko) Version/17.0 Mobile/15E148 Safari/604.1
2026-01-04 13:47:25,844 - utils.logger_utils - INFO - 轮播图标题: []
2026-01-04 13:47:25,845 - utils.logger_utils - INFO - 开始执行剧首页测试
2026-01-04 13:47:25,845 - utils.logger_utils - INFO - 开始剧首页测试
2026-01-04 13:47:28,858 - utils.logger_utils - INFO - 打开剧首页
2026-01-04 13:47:28,859 - utils.logger_utils - INFO - 测试点击添加收藏按钮
2026-01-04 13:47:37,299 - utils.logger_utils - INFO - 成功点击元素: css:div.button
2026-01-04 13:47:39,305 - utils.logger_utils - INFO - 测试点击第三集
2026-01-04 13:47:39,552 - utils.logger_utils - INFO - 成功点击免费剧集
2026-01-04 13:47:41,557 - utils.logger_utils - INFO - 剧首页测试完成
2026-01-04 13:54:29,953 - utils.logger_utils - INFO - 启动为移动端模拟模式
2026-01-04 13:54:29,955 - utils.logger_utils - INFO - User-Agent: Mozilla/5.0 (iPhone; CPU iPhone OS 17_0 like Mac OS X) AppleWebKit/605.1.15 (KHTML, like Gecko) Version/17.0 Mobile/15E148 Safari/604.1
2026-01-04 13:54:32,339 - utils.logger_utils - INFO - 轮播图标题: ['CEO baby', 'Wake Up Dad! Wedding Time', 'The Thief Lover']
2026-01-04 13:54:32,339 - utils.logger_utils - INFO - 开始执行剧首页测试
2026-01-04 13:54:32,339 - utils.logger_utils - INFO - 开始剧首页测试
2026-01-04 13:54:35,207 - utils.logger_utils - INFO - 打开剧首页
2026-01-04 13:54:35,207 - utils.logger_utils - INFO - 测试点击添加收藏按钮
2026-01-04 13:54:35,454 - utils.logger_utils - INFO - 成功点击元素: div.button
2026-01-04 13:54:37,459 - utils.logger_utils - INFO - 测试点击第三集
2026-01-04 13:54:37,716 - utils.logger_utils - INFO - 成功点击免费剧集
2026-01-04 13:54:39,721 - utils.logger_utils - INFO - 剧首页测试完成
2026-01-04 16:44:51,106 - utils.logger_utils - INFO - 启动为移动端模拟模式
2026-01-04 16:44:51,108 - utils.logger_utils - INFO - User-Agent: Mozilla/5.0 (iPhone; CPU iPhone OS 17_0 like Mac OS X) AppleWebKit/605.1.15 (KHTML, like Gecko) Version/17.0 Mobile/15E148 Safari/604.1
2026-01-04 16:44:51,132 - utils.logger_utils - INFO - 轮播图标题: ['CEO baby', 'Wake Up Dad! Wedding Time', 'The Thief Lover']
2026-01-04 16:44:51,132 - utils.logger_utils - INFO - 开始执行剧首页测试
2026-01-04 16:44:51,132 - utils.logger_utils - INFO - 开始剧首页测试
2026-01-04 16:44:53,609 - utils.logger_utils - INFO - 打开剧首页
2026-01-04 16:44:53,609 - utils.logger_utils - INFO - 测试点击添加收藏按钮
2026-01-04 16:44:53,845 - utils.logger_utils - INFO - 成功点击元素: div.button
2026-01-04 16:44:55,850 - utils.logger_utils - INFO - 测试点击第三集
2026-01-04 16:44:56,122 - utils.logger_utils - INFO - 成功点击免费剧集
2026-01-04 16:44:58,127 - utils.logger_utils - INFO - 剧首页测试完成
2026-01-04 17:26:20,589 - utils.logger_utils - INFO - 启动为移动端模拟模式
2026-01-04 17:26:20,589 - utils.logger_utils - INFO - User-Agent: Mozilla/5.0 (iPhone; CPU iPhone OS 17_0 like Mac OS X) AppleWebKit/605.1.15 (KHTML, like Gecko) Version/17.0 Mobile/15E148 Safari/604.1
2026-01-04 17:26:21,934 - utils.logger_utils - INFO - 轮播图标题: ['Wake Up Dad! Wedding Time', 'The Thief Lover', 'CEO baby']
2026-01-04 17:26:21,934 - utils.logger_utils - INFO - 开始执行剧首页测试
2026-01-04 17:26:21,934 - utils.logger_utils - INFO - 开始剧首页测试
2026-01-04 17:26:23,563 - utils.logger_utils - INFO - 打开剧首页
2026-01-04 17:26:23,564 - utils.logger_utils - INFO - 测试点击添加收藏按钮
2026-01-04 17:26:24,585 - utils.logger_utils - INFO - 成功点击元素: css:div.button
2026-01-04 17:26:26,590 - utils.logger_utils - INFO - 测试点击第三集
2026-01-04 17:26:28,604 - utils.logger_utils - INFO - 剧首页测试完成
2026-01-04 17:26:49,556 - utils.logger_utils - INFO - 启动为移动端模拟模式
2026-01-04 17:26:49,557 - utils.logger_utils - INFO - User-Agent: Mozilla/5.0 (iPhone; CPU iPhone OS 17_0 like Mac OS X) AppleWebKit/605.1.15 (KHTML, like Gecko) Version/17.0 Mobile/15E148 Safari/604.1
2026-01-04 17:26:51,247 - utils.logger_utils - INFO - 轮播图标题: ['Wake Up Dad! Wedding Time', 'The Thief Lover', 'CEO baby']
2026-01-04 17:26:51,247 - utils.logger_utils - INFO - 开始执行剧首页测试
2026-01-04 17:26:51,247 - utils.logger_utils - INFO - 开始剧首页测试
2026-01-04 17:26:52,213 - utils.logger_utils - INFO - 打开剧首页
2026-01-04 17:26:52,213 - utils.logger_utils - INFO - 测试点击添加收藏按钮
2026-01-04 17:26:53,298 - utils.logger_utils - INFO - 成功点击元素: css:div.button
2026-01-04 17:26:55,303 - utils.logger_utils - INFO - 测试点击第三集
2026-01-04 17:26:55,553 - utils.logger_utils - INFO - 成功点击免费剧集
2026-01-04 17:26:57,555 - utils.logger_utils - INFO - 剧首页测试完成
2026-01-04 17:27:33,133 - utils.logger_utils - INFO - 启动为移动端模拟模式
2026-01-04 17:27:33,134 - utils.logger_utils - INFO - User-Agent: Mozilla/5.0 (iPhone; CPU iPhone OS 17_0 like Mac OS X) AppleWebKit/605.1.15 (KHTML, like Gecko) Version/17.0 Mobile/15E148 Safari/604.1
2026-01-04 17:27:33,150 - utils.logger_utils - INFO - 轮播图标题: ['CEO baby', 'Wake Up Dad! Wedding Time', 'The Thief Lover']
2026-01-04 17:27:33,150 - utils.logger_utils - INFO - 开始执行剧首页测试
2026-01-04 17:27:33,151 - utils.logger_utils - INFO - 开始剧首页测试
2026-01-04 17:27:34,095 - utils.logger_utils - INFO - 打开剧首页
2026-01-04 17:27:34,095 - utils.logger_utils - INFO - 测试点击添加收藏按钮
2026-01-04 17:27:35,193 - utils.logger_utils - INFO - 成功点击元素: css:div.button
2026-01-04 17:27:37,198 - utils.logger_utils - INFO - 测试点击第三集
2026-01-04 17:27:37,442 - utils.logger_utils - INFO - 成功点击免费剧集
2026-01-04 17:27:39,447 - utils.logger_utils - INFO - 剧首页测试完成
2026-01-04 17:27:57,947 - utils.logger_utils - INFO - 启动为移动端模拟模式
2026-01-04 17:27:57,949 - utils.logger_utils - INFO - User-Agent: Mozilla/5.0 (iPhone; CPU iPhone OS 17_0 like Mac OS X) AppleWebKit/605.1.15 (KHTML, like Gecko) Version/17.0 Mobile/15E148 Safari/604.1
2026-01-04 17:27:58,694 - utils.logger_utils - INFO - 轮播图标题: ['CEO baby', 'Wake Up Dad! Wedding Time', 'The Thief Lover']
2026-01-04 17:27:58,694 - utils.logger_utils - INFO - 开始执行剧首页测试
2026-01-04 17:27:58,694 - utils.logger_utils - INFO - 开始剧首页测试
2026-01-04 17:27:59,647 - utils.logger_utils - INFO - 打开剧首页
2026-01-04 17:27:59,648 - utils.logger_utils - INFO - 测试点击添加收藏按钮
2026-01-04 17:28:00,687 - utils.logger_utils - INFO - 成功点击元素: css:div.button
2026-01-04 17:28:02,692 - utils.logger_utils - INFO - 测试点击第三集
2026-01-04 17:28:02,948 - utils.logger_utils - INFO - 成功点击免费剧集
2026-01-04 17:28:04,954 - utils.logger_utils - INFO - 剧首页测试完成
2026-01-04 17:28:20,987 - utils.logger_utils - INFO - 启动为移动端模拟模式
2026-01-04 17:28:20,989 - utils.logger_utils - INFO - User-Agent: Mozilla/5.0 (iPhone; CPU iPhone OS 17_0 like Mac OS X) AppleWebKit/605.1.15 (KHTML, like Gecko) Version/17.0 Mobile/15E148 Safari/604.1
2026-01-04 17:28:21,758 - utils.logger_utils - INFO - 轮播图标题: ['CEO baby', 'Wake Up Dad! Wedding Time', 'The Thief Lover']
2026-01-04 17:28:21,758 - utils.logger_utils - INFO - 开始执行剧首页测试
2026-01-04 17:28:21,758 - utils.logger_utils - INFO - 开始剧首页测试
2026-01-04 17:28:22,790 - utils.logger_utils - INFO - 打开剧首页
2026-01-04 17:28:22,790 - utils.logger_utils - INFO - 测试点击添加收藏按钮
2026-01-04 17:28:23,832 - utils.logger_utils - INFO - 成功点击元素: css:div.button
2026-01-04 17:28:25,836 - utils.logger_utils - INFO - 测试点击第三集
2026-01-04 17:28:26,090 - utils.logger_utils - INFO - 成功点击免费剧集
2026-01-04 17:28:28,096 - utils.logger_utils - INFO - 剧首页测试完成
2026-01-04 17:28:48,711 - utils.logger_utils - INFO - 启动为移动端模拟模式
2026-01-04 17:28:48,713 - utils.logger_utils - INFO - User-Agent: Mozilla/5.0 (iPhone; CPU iPhone OS 17_0 like Mac OS X) AppleWebKit/605.1.15 (KHTML, like Gecko) Version/17.0 Mobile/15E148 Safari/604.1
2026-01-04 17:28:49,449 - utils.logger_utils - INFO - 轮播图标题: ['Wake Up Dad! Wedding Time', 'The Thief Lover', 'CEO baby']
2026-01-04 17:28:49,450 - utils.logger_utils - INFO - 开始执行剧首页测试
2026-01-04 17:28:49,450 - utils.logger_utils - INFO - 开始剧首页测试
2026-01-04 17:28:50,475 - utils.logger_utils - INFO - 打开剧首页
2026-01-04 17:28:50,475 - utils.logger_utils - INFO - 测试点击添加收藏按钮
2026-01-04 17:28:51,580 - utils.logger_utils - INFO - 成功点击元素: css:div.button
2026-01-04 17:28:53,585 - utils.logger_utils - INFO - 测试点击第三集
2026-01-04 17:28:53,841 - utils.logger_utils - INFO - 成功点击免费剧集
2026-01-04 17:28:55,846 - utils.logger_utils - INFO - 剧首页测试完成
2026-01-04 17:34:01,758 - utils.logger_utils - INFO - 启动为移动端模拟模式
2026-01-04 17:34:01,762 - utils.logger_utils - INFO - User-Agent: Mozilla/5.0 (iPhone; CPU iPhone OS 17_0 like Mac OS X) AppleWebKit/605.1.15 (KHTML, like Gecko) Version/17.0 Mobile/15E148 Safari/604.1
2026-01-04 17:34:02,514 - utils.logger_utils - INFO - 轮播图标题: ['CEO baby', 'Wake Up Dad! Wedding Time', 'The Thief Lover']
2026-01-04 17:34:02,515 - utils.logger_utils - INFO - 开始执行剧首页测试
2026-01-04 17:34:02,515 - utils.logger_utils - INFO - 开始剧首页测试
2026-01-04 17:34:04,317 - utils.logger_utils - INFO - 打开剧首页
2026-01-04 17:34:04,317 - utils.logger_utils - INFO - 测试点击添加收藏按钮
2026-01-04 17:34:04,552 - utils.logger_utils - INFO - 成功点击元素: div.button
2026-01-04 17:34:06,557 - utils.logger_utils - INFO - 测试点击第三集
2026-01-04 17:34:06,571 - utils.logger_utils - ERROR - 点击免费剧集失败: 'int' object is not iterable
2026-01-04 17:34:08,576 - utils.logger_utils - INFO - 剧首页测试完成
2026-01-04 17:35:16,441 - utils.logger_utils - INFO - 启动为移动端模拟模式
2026-01-04 17:35:16,444 - utils.logger_utils - INFO - User-Agent: Mozilla/5.0 (iPhone; CPU iPhone OS 17_0 like Mac OS X) AppleWebKit/605.1.15 (KHTML, like Gecko) Version/17.0 Mobile/15E148 Safari/604.1
2026-01-04 17:35:17,212 - utils.logger_utils - INFO - 轮播图标题: ['CEO baby', 'Wake Up Dad! Wedding Time', 'The Thief Lover']
2026-01-04 17:35:17,212 - utils.logger_utils - INFO - 开始执行剧首页测试
2026-01-04 17:35:17,212 - utils.logger_utils - INFO - 开始剧首页测试
2026-01-04 17:35:18,984 - utils.logger_utils - INFO - 打开剧首页
2026-01-04 17:35:18,985 - utils.logger_utils - INFO - 测试点击添加收藏按钮
2026-01-04 17:35:19,225 - utils.logger_utils - INFO - 成功点击元素: div.button
2026-01-04 17:35:21,231 - utils.logger_utils - INFO - 测试点击第三集
2026-01-04 17:35:21,253 - utils.logger_utils - ERROR - 点击免费剧集失败: 'module' object is not callable
2026-01-04 17:35:23,258 - utils.logger_utils - INFO - 剧首页测试完成
2026-01-04 17:35:49,765 - utils.logger_utils - INFO - 启动为移动端模拟模式
2026-01-04 17:35:49,768 - utils.logger_utils - INFO - User-Agent: Mozilla/5.0 (iPhone; CPU iPhone OS 17_0 like Mac OS X) AppleWebKit/605.1.15 (KHTML, like Gecko) Version/17.0 Mobile/15E148 Safari/604.1
2026-01-04 17:35:50,537 - utils.logger_utils - INFO - 轮播图标题: ['CEO baby', 'Wake Up Dad! Wedding Time', 'The Thief Lover']
2026-01-04 17:35:50,537 - utils.logger_utils - INFO - 开始执行剧首页测试
2026-01-04 17:35:50,537 - utils.logger_utils - INFO - 开始剧首页测试
2026-01-04 17:35:51,590 - utils.logger_utils - INFO - 打开剧首页
2026-01-04 17:35:51,590 - utils.logger_utils - INFO - 测试点击添加收藏按钮
2026-01-04 17:35:52,681 - utils.logger_utils - INFO - 成功点击元素: css:div.button
2026-01-04 17:35:54,687 - utils.logger_utils - INFO - 测试点击第三集
2026-01-04 17:35:54,711 - utils.logger_utils - ERROR - 点击免费剧集失败: 'module' object is not callable
2026-01-04 17:35:56,716 - utils.logger_utils - INFO - 剧首页测试完成
2026-01-04 17:37:12,348 - utils.logger_utils - INFO - 启动为移动端模拟模式
2026-01-04 17:37:12,350 - utils.logger_utils - INFO - User-Agent: Mozilla/5.0 (iPhone; CPU iPhone OS 17_0 like Mac OS X) AppleWebKit/605.1.15 (KHTML, like Gecko) Version/17.0 Mobile/15E148 Safari/604.1
2026-01-04 17:37:13,106 - utils.logger_utils - INFO - 轮播图标题: ['Wake Up Dad! Wedding Time', 'The Thief Lover', 'CEO baby']
2026-01-04 17:37:13,106 - utils.logger_utils - INFO - 开始执行剧首页测试
2026-01-04 17:37:13,106 - utils.logger_utils - INFO - 开始剧首页测试
2026-01-04 17:37:17,190 - utils.logger_utils - INFO - 打开剧首页
2026-01-04 17:37:17,190 - utils.logger_utils - INFO - 测试点击添加收藏按钮
2026-01-04 17:37:17,421 - utils.logger_utils - INFO - 成功点击元素: div.button
2026-01-04 17:37:19,427 - utils.logger_utils - INFO - 测试点击第三集
2026-01-04 17:37:19,451 - utils.logger_utils - ERROR - 点击免费剧集失败: 'module' object is not callable
2026-01-04 17:37:21,458 - utils.logger_utils - INFO - 剧首页测试完成
2026-01-04 17:37:49,304 - utils.logger_utils - INFO - 启动为移动端模拟模式
2026-01-04 17:37:49,306 - utils.logger_utils - INFO - User-Agent: Mozilla/5.0 (iPhone; CPU iPhone OS 17_0 like Mac OS X) AppleWebKit/605.1.15 (KHTML, like Gecko) Version/17.0 Mobile/15E148 Safari/604.1
2026-01-04 17:37:50,065 - utils.logger_utils - INFO - 轮播图标题: ['Wake Up Dad! Wedding Time', 'The Thief Lover', 'CEO baby']
2026-01-04 17:37:50,065 - utils.logger_utils - INFO - 开始执行剧首页测试
2026-01-04 17:37:50,065 - utils.logger_utils - INFO - 开始剧首页测试
2026-01-04 17:37:51,199 - utils.logger_utils - INFO - 打开剧首页
2026-01-04 17:37:51,200 - utils.logger_utils - INFO - 测试点击添加收藏按钮
2026-01-04 17:37:52,300 - utils.logger_utils - INFO - 成功点击元素: css:div.button
2026-01-04 17:37:54,305 - utils.logger_utils - INFO - 测试点击第三集
2026-01-04 17:37:54,557 - utils.logger_utils - INFO - 成功点击免费剧集
2026-01-04 17:37:56,563 - utils.logger_utils - INFO - 剧首页测试完成
2026-01-04 17:38:02,192 - utils.logger_utils - INFO - 启动为移动端模拟模式
2026-01-04 17:38:02,193 - utils.logger_utils - INFO - User-Agent: Mozilla/5.0 (iPhone; CPU iPhone OS 17_0 like Mac OS X) AppleWebKit/605.1.15 (KHTML, like Gecko) Version/17.0 Mobile/15E148 Safari/604.1
2026-01-04 17:38:03,104 - utils.logger_utils - INFO - 轮播图标题: ['Wake Up Dad! Wedding Time', 'The Thief Lover', 'CEO baby']
2026-01-04 17:38:03,104 - utils.logger_utils - INFO - 开始执行剧首页测试
2026-01-04 17:38:03,104 - utils.logger_utils - INFO - 开始剧首页测试
2026-01-04 17:38:04,881 - utils.logger_utils - INFO - 打开剧首页
2026-01-04 17:38:04,882 - utils.logger_utils - INFO - 测试点击添加收藏按钮
2026-01-04 17:38:05,126 - utils.logger_utils - INFO - 成功点击元素: div.button
2026-01-04 17:38:07,131 - utils.logger_utils - INFO - 测试点击第三集
2026-01-04 17:38:07,389 - utils.logger_utils - INFO - 成功点击免费剧集
2026-01-04 17:38:09,394 - utils.logger_utils - INFO - 剧首页测试完成
2026-01-04 17:39:08,482 - utils.logger_utils - INFO - 启动为移动端模拟模式
2026-01-04 17:39:08,484 - utils.logger_utils - INFO - User-Agent: Mozilla/5.0 (iPhone; CPU iPhone OS 17_0 like Mac OS X) AppleWebKit/605.1.15 (KHTML, like Gecko) Version/17.0 Mobile/15E148 Safari/604.1
2026-01-04 17:39:09,242 - utils.logger_utils - INFO - 轮播图标题: ['Wake Up Dad! Wedding Time', 'The Thief Lover', 'CEO baby']
2026-01-04 17:39:09,242 - utils.logger_utils - INFO - 开始执行剧首页测试
2026-01-04 17:39:09,242 - utils.logger_utils - INFO - 开始剧首页测试
2026-01-04 17:39:10,617 - utils.logger_utils - INFO - 打开剧首页
2026-01-04 17:39:10,617 - utils.logger_utils - INFO - 测试点击添加收藏按钮
2026-01-04 17:39:11,331 - utils.logger_utils - INFO - 成功点击元素: css:div.button
2026-01-04 17:39:13,336 - utils.logger_utils - INFO - 测试点击第三集
2026-01-04 17:39:13,582 - utils.logger_utils - INFO - 成功打开免费剧集第{free_episode}集
2026-01-04 17:39:15,586 - utils.logger_utils - INFO - 剧首页测试完成
2026-01-04 17:39:39,905 - utils.logger_utils - INFO - 启动为移动端模拟模式
2026-01-04 17:39:39,907 - utils.logger_utils - INFO - User-Agent: Mozilla/5.0 (iPhone; CPU iPhone OS 17_0 like Mac OS X) AppleWebKit/605.1.15 (KHTML, like Gecko) Version/17.0 Mobile/15E148 Safari/604.1
2026-01-04 17:39:40,642 - utils.logger_utils - INFO - 轮播图标题: ['Wake Up Dad! Wedding Time', 'The Thief Lover', 'CEO baby']
2026-01-04 17:39:40,642 - utils.logger_utils - INFO - 开始执行剧首页测试
2026-01-04 17:39:40,642 - utils.logger_utils - INFO - 开始剧首页测试
2026-01-04 17:39:41,682 - utils.logger_utils - INFO - 打开剧首页
2026-01-04 17:39:41,682 - utils.logger_utils - INFO - 测试点击添加收藏按钮
2026-01-04 17:39:42,767 - utils.logger_utils - INFO - 成功点击元素: css:div.button
2026-01-04 17:39:44,772 - utils.logger_utils - INFO - 测试点击第三集
2026-01-04 17:39:45,030 - utils.logger_utils - INFO - 成功打开免费剧集第6集
2026-01-04 17:39:47,034 - utils.logger_utils - INFO - 剧首页测试完成
2026-01-04 17:39:57,979 - utils.logger_utils - INFO - 启动为移动端模拟模式
2026-01-04 17:39:57,980 - utils.logger_utils - INFO - User-Agent: Mozilla/5.0 (iPhone; CPU iPhone OS 17_0 like Mac OS X) AppleWebKit/605.1.15 (KHTML, like Gecko) Version/17.0 Mobile/15E148 Safari/604.1
2026-01-04 17:39:57,992 - utils.logger_utils - INFO - 轮播图标题: ['CEO baby', 'Wake Up Dad! Wedding Time', 'The Thief Lover']
2026-01-04 17:39:57,992 - utils.logger_utils - INFO - 开始执行剧首页测试
2026-01-04 17:39:57,992 - utils.logger_utils - INFO - 开始剧首页测试
2026-01-04 17:39:59,721 - utils.logger_utils - INFO - 打开剧首页
2026-01-04 17:39:59,721 - utils.logger_utils - INFO - 测试点击添加收藏按钮
2026-01-04 17:40:00,830 - utils.logger_utils - INFO - 成功点击元素: css:div.button
2026-01-04 17:40:02,835 - utils.logger_utils - INFO - 测试点击第三集
2026-01-04 17:40:03,086 - utils.logger_utils - INFO - 成功打开免费剧集第4+1集
2026-01-04 17:40:05,092 - utils.logger_utils - INFO - 剧首页测试完成
2026-01-04 17:40:56,604 - utils.logger_utils - INFO - 启动为移动端模拟模式
2026-01-04 17:40:56,607 - utils.logger_utils - INFO - User-Agent: Mozilla/5.0 (iPhone; CPU iPhone OS 17_0 like Mac OS X) AppleWebKit/605.1.15 (KHTML, like Gecko) Version/17.0 Mobile/15E148 Safari/604.1
2026-01-04 17:40:57,352 - utils.logger_utils - INFO - 轮播图标题: ['CEO baby', 'Wake Up Dad! Wedding Time', 'The Thief Lover']
2026-01-04 17:40:57,352 - utils.logger_utils - INFO - 开始执行剧首页测试
2026-01-04 17:40:57,353 - utils.logger_utils - INFO - 开始剧首页测试
2026-01-04 17:40:59,064 - utils.logger_utils - INFO - 打开剧首页
2026-01-04 17:40:59,064 - utils.logger_utils - INFO - 测试点击添加收藏按钮
2026-01-04 17:40:59,298 - utils.logger_utils - INFO - 成功点击元素: div.button
2026-01-04 17:41:01,304 - utils.logger_utils - INFO - 测试点击第三集
2026-01-04 17:41:01,556 - utils.logger_utils - INFO - 成功打开免费剧集
2026-01-04 17:41:03,562 - utils.logger_utils - INFO - 剧首页测试完成
2026-01-04 17:54:55,662 - utils.logger_utils - INFO - 检查并清理端口 9223...
2026-01-04 17:54:55,663 - utils.logger_utils - ERROR - 清理端口 9223 时出错: invalid attr name 'connections'
2026-01-04 18:04:04,286 - utils.logger_utils - INFO - 检查并清理端口 9223...
2026-01-04 18:04:04,316 - utils.logger_utils - INFO - 发现占用端口 9223 的进程: PID 6255, 名称: Google
2026-01-04 18:04:04,316 - utils.logger_utils - INFO - 已发送SIGTERM信号给进程 PID 6255
2026-01-04 18:04:07,692 - utils.logger_utils - INFO - 启动为移动端模拟模式
2026-01-04 18:04:07,761 - utils.logger_utils - INFO - User-Agent: Mozilla/5.0 (iPhone; CPU iPhone OS 17_0 like Mac OS X) AppleWebKit/605.1.15 (KHTML, like Gecko) Version/17.0 Mobile/15E148 Safari/604.1
2026-01-04 18:04:07,791 - utils.logger_utils - INFO - 打开剧首页
2026-01-04 18:04:07,792 - utils.logger_utils - INFO - 初始化剧首页测试类
2026-01-04 18:04:07,792 - utils.logger_utils - INFO - 开始运行所有剧首页测试
2026-01-04 18:04:07,792 - utils.logger_utils - INFO - 测试点击返回按钮
2026-01-04 18:04:14,531 - utils.logger_utils - INFO - 成功点击元素: css:div.gap-sm > svg
2026-01-04 18:04:18,304 - utils.logger_utils - INFO - 打开剧首页
2026-01-04 18:04:18,304 - utils.logger_utils - INFO - 测试点击Home按钮
2026-01-04 18:04:18,543 - utils.logger_utils - INFO - 成功点击元素: svg.filter-drop-shadow-\[0_0_1px_\#000c\] > path
2026-01-04 18:04:21,474 - utils.logger_utils - INFO - 打开剧首页
2026-01-04 18:04:21,476 - utils.logger_utils - INFO - 测试点击个人中心按钮
2026-01-04 18:04:22,540 - utils.logger_utils - INFO - 成功点击元素: css:div.gap-sm path:nth-of-type(2)
2026-01-04 18:04:25,500 - utils.logger_utils - INFO - 打开剧首页
2026-01-04 18:04:25,500 - utils.logger_utils - INFO - 测试点击去看剧按钮
2026-01-04 18:04:26,573 - utils.logger_utils - INFO - 成功点击元素: css:div.button-primary
2026-01-04 18:04:29,545 - utils.logger_utils - INFO - 打开剧首页
2026-01-04 18:04:29,547 - utils.logger_utils - INFO - 测试点击添加收藏按钮
2026-01-04 18:04:30,739 - utils.logger_utils - INFO - 成功点击元素: css:div.button
2026-01-04 18:04:33,651 - utils.logger_utils - INFO - 打开剧首页
2026-01-04 18:04:33,651 - utils.logger_utils - INFO - 测试点击取消收藏按钮
2026-01-04 18:04:34,850 - utils.logger_utils - INFO - 成功点击元素: css:div.button
2026-01-04 18:04:37,749 - utils.logger_utils - INFO - 打开剧首页
2026-01-04 18:04:37,750 - utils.logger_utils - INFO - 测试详情的展开和收起
2026-01-04 18:04:38,850 - utils.logger_utils - INFO - 获取元素文本: More
2026-01-04 18:04:38,850 - utils.logger_utils - INFO - 短剧简介初始状态: More
2026-01-04 18:04:39,081 - utils.logger_utils - INFO - 成功点击短剧简介，切换展开/收起状态
2026-01-04 18:04:40,096 - utils.logger_utils - INFO - 获取元素文本: Fold
2026-01-04 18:04:40,097 - utils.logger_utils - INFO - 点击后短剧简介状态: More
2026-01-04 18:04:40,097 - utils.logger_utils - INFO - 成功验证短剧简介展开/收起功能
2026-01-04 18:04:40,331 - utils.logger_utils - INFO - 成功点击短剧简介，切换展开/收起状态
2026-01-04 18:04:40,332 - utils.logger_utils - INFO - 成功验证短剧简介收起功能
2026-01-04 18:04:41,211 - utils.logger_utils - INFO - 打开剧首页
2026-01-04 18:04:41,211 - utils.logger_utils - INFO - 测试点击随机一集免费剧集
2026-01-04 18:04:41,316 - utils.logger_utils - ERROR - 未找到任何免费剧集！
2026-01-04 18:04:44,223 - utils.logger_utils - INFO - 打开剧首页
2026-01-04 18:04:44,223 - utils.logger_utils - INFO - 剧首页所有测试完成
2026-01-04 18:11:35,718 - utils.logger_utils - INFO - 检查并清理端口 9223...
2026-01-04 18:11:35,751 - utils.logger_utils - INFO - 发现占用端口 9223 的进程: PID 7128, 名称: Google
2026-01-04 18:11:35,751 - utils.logger_utils - INFO - 已发送SIGTERM信号给进程 PID 7128
2026-01-04 18:11:42,443 - utils.logger_utils - INFO - 启动为移动端模拟模式
2026-01-04 18:11:42,447 - utils.logger_utils - INFO - User-Agent: Mozilla/5.0 (iPhone; CPU iPhone OS 17_0 like Mac OS X) AppleWebKit/605.1.15 (KHTML, like Gecko) Version/17.0 Mobile/15E148 Safari/604.1
2026-01-04 18:11:43,456 - utils.logger_utils - INFO - 打开剧首页
2026-01-04 18:11:43,456 - utils.logger_utils - ERROR - 等待页面元素加载时出错: 'ChromiumPage' object has no attribute 'wait_for_load_state'
2026-01-04 18:11:43,457 - utils.logger_utils - INFO - 初始化剧首页测试类
2026-01-04 18:11:43,457 - utils.logger_utils - INFO - 开始运行所有剧首页测试
2026-01-04 18:11:43,457 - utils.logger_utils - INFO - 测试点击返回按钮
2026-01-04 18:11:44,608 - utils.logger_utils - INFO - 成功点击元素: css:div.gap-sm > svg
2026-01-04 18:11:47,734 - utils.logger_utils - INFO - 打开剧首页
2026-01-04 18:11:47,735 - utils.logger_utils - ERROR - 等待页面元素加载时出错: 'ChromiumPage' object has no attribute 'wait_for_load_state'
2026-01-04 18:11:47,735 - utils.logger_utils - INFO - 测试点击Home按钮
2026-01-04 18:11:48,860 - utils.logger_utils - INFO - 成功点击元素: css:svg.filter-drop-shadow-\[0_0_1px_\#000c\] > path
2026-01-04 18:11:51,917 - utils.logger_utils - INFO - 打开剧首页
2026-01-04 18:11:51,917 - utils.logger_utils - ERROR - 等待页面元素加载时出错: 'ChromiumPage' object has no attribute 'wait_for_load_state'
2026-01-04 18:11:51,917 - utils.logger_utils - INFO - 测试点击个人中心按钮
2026-01-04 18:11:53,166 - utils.logger_utils - INFO - 成功点击元素: css:div.gap-sm path:nth-of-type(2)
2026-01-04 18:11:56,941 - utils.logger_utils - INFO - 打开剧首页
2026-01-04 18:11:56,941 - utils.logger_utils - ERROR - 等待页面元素加载时出错: 'ChromiumPage' object has no attribute 'wait_for_load_state'
2026-01-04 18:11:56,942 - utils.logger_utils - INFO - 测试点击去看剧按钮
2026-01-04 18:11:57,184 - utils.logger_utils - INFO - 成功点击元素: div.button-primary
2026-01-04 18:12:00,233 - utils.logger_utils - INFO - 打开剧首页
2026-01-04 18:12:00,235 - utils.logger_utils - ERROR - 等待页面元素加载时出错: 'ChromiumPage' object has no attribute 'wait_for_load_state'
2026-01-04 18:12:00,235 - utils.logger_utils - INFO - 测试点击添加收藏按钮
2026-01-04 18:12:01,355 - utils.logger_utils - INFO - 成功点击元素: css:div.button
2026-01-04 18:12:04,474 - utils.logger_utils - INFO - 打开剧首页
2026-01-04 18:12:04,475 - utils.logger_utils - ERROR - 等待页面元素加载时出错: 'ChromiumPage' object has no attribute 'wait_for_load_state'
2026-01-04 18:12:04,475 - utils.logger_utils - INFO - 测试点击取消收藏按钮
2026-01-04 18:12:05,436 - utils.logger_utils - INFO - 成功点击元素: css:div.button
2026-01-04 18:12:08,379 - utils.logger_utils - INFO - 打开剧首页
2026-01-04 18:12:08,380 - utils.logger_utils - ERROR - 等待页面元素加载时出错: 'ChromiumPage' object has no attribute 'wait_for_load_state'
2026-01-04 18:12:08,380 - utils.logger_utils - INFO - 测试详情的展开和收起
2026-01-04 18:12:09,586 - utils.logger_utils - INFO - 获取元素文本: More
2026-01-04 18:12:09,586 - utils.logger_utils - INFO - 短剧简介初始状态: More
2026-01-04 18:12:09,818 - utils.logger_utils - INFO - 成功点击短剧简介，切换展开/收起状态
2026-01-04 18:12:10,836 - utils.logger_utils - INFO - 获取元素文本: Fold
2026-01-04 18:12:10,837 - utils.logger_utils - INFO - 点击后短剧简介状态: More
2026-01-04 18:12:10,837 - utils.logger_utils - INFO - 成功验证短剧简介展开/收起功能
2026-01-04 18:12:11,081 - utils.logger_utils - INFO - 成功点击短剧简介，切换展开/收起状态
2026-01-04 18:12:11,081 - utils.logger_utils - INFO - 成功验证短剧简介收起功能
2026-01-04 18:12:12,005 - utils.logger_utils - INFO - 打开剧首页
2026-01-04 18:12:12,006 - utils.logger_utils - ERROR - 等待页面元素加载时出错: 'ChromiumPage' object has no attribute 'wait_for_load_state'
2026-01-04 18:12:12,006 - utils.logger_utils - INFO - 测试点击随机一集免费剧集
2026-01-04 18:12:12,110 - utils.logger_utils - ERROR - 未找到任何免费剧集！
2026-01-04 18:12:15,232 - utils.logger_utils - INFO - 打开剧首页
2026-01-04 18:12:15,232 - utils.logger_utils - ERROR - 等待页面元素加载时出错: 'ChromiumPage' object has no attribute 'wait_for_load_state'
2026-01-04 18:12:15,232 - utils.logger_utils - INFO - 剧首页所有测试完成
2026-01-04 18:18:32,120 - utils.logger_utils - INFO - 检查并清理端口 9223...
2026-01-04 18:18:32,153 - utils.logger_utils - INFO - 发现占用端口 9223 的进程: PID 7403, 名称: Google
2026-01-04 18:18:32,153 - utils.logger_utils - INFO - 已发送SIGTERM信号给进程 PID 7403
2026-01-04 18:18:38,628 - utils.logger_utils - INFO - 启动为移动端模拟模式
2026-01-04 18:18:38,630 - utils.logger_utils - INFO - User-Agent: Mozilla/5.0 (iPhone; CPU iPhone OS 17_0 like Mac OS X) AppleWebKit/605.1.15 (KHTML, like Gecko) Version/17.0 Mobile/15E148 Safari/604.1
2026-01-04 18:18:39,632 - utils.logger_utils - INFO - 打开剧首页
2026-01-04 18:18:39,632 - utils.logger_utils - ERROR - 等待页面元素加载时出错: 'ChromiumPage' object has no attribute 'wait_for_load_state'
2026-01-04 18:18:39,633 - utils.logger_utils - INFO - 初始化剧首页测试类
2026-01-04 18:18:39,633 - utils.logger_utils - INFO - 开始运行所有剧首页测试
2026-01-04 18:18:39,633 - utils.logger_utils - INFO - 测试点击返回按钮
2026-01-04 18:18:40,716 - utils.logger_utils - INFO - 成功点击元素: css:div.gap-sm > svg
2026-01-04 18:18:43,785 - utils.logger_utils - INFO - 打开剧首页
2026-01-04 18:18:43,786 - utils.logger_utils - ERROR - 等待页面元素加载时出错: 'ChromiumPage' object has no attribute 'wait_for_load_state'
2026-01-04 18:18:43,786 - utils.logger_utils - INFO - 测试点击Home按钮
2026-01-04 18:18:44,921 - utils.logger_utils - INFO - 成功点击元素: css:svg.filter-drop-shadow-\[0_0_1px_\#000c\] > path
2026-01-04 18:18:47,968 - utils.logger_utils - INFO - 打开剧首页
2026-01-04 18:18:47,969 - utils.logger_utils - ERROR - 等待页面元素加载时出错: 'ChromiumPage' object has no attribute 'wait_for_load_state'
2026-01-04 18:18:47,969 - utils.logger_utils - INFO - 测试点击个人中心按钮
2026-01-04 18:18:49,059 - utils.logger_utils - INFO - 成功点击元素: css:div.gap-sm path:nth-of-type(2)
2026-01-04 18:18:52,037 - utils.logger_utils - INFO - 打开剧首页
2026-01-04 18:18:52,037 - utils.logger_utils - ERROR - 等待页面元素加载时出错: 'ChromiumPage' object has no attribute 'wait_for_load_state'
2026-01-04 18:18:52,038 - utils.logger_utils - INFO - 测试点击去看剧按钮
2026-01-04 18:18:53,168 - utils.logger_utils - INFO - 成功点击元素: css:div.button-primary
2026-01-04 18:18:56,274 - utils.logger_utils - INFO - 打开剧首页
2026-01-04 18:18:56,274 - utils.logger_utils - ERROR - 等待页面元素加载时出错: 'ChromiumPage' object has no attribute 'wait_for_load_state'
2026-01-04 18:18:56,275 - utils.logger_utils - INFO - 测试点击添加收藏按钮
2026-01-04 18:18:57,433 - utils.logger_utils - INFO - 成功点击元素: css:div.button
2026-01-04 18:19:01,145 - utils.logger_utils - INFO - 打开剧首页
2026-01-04 18:19:01,146 - utils.logger_utils - ERROR - 等待页面元素加载时出错: 'ChromiumPage' object has no attribute 'wait_for_load_state'
2026-01-04 18:19:01,146 - utils.logger_utils - INFO - 测试点击取消收藏按钮
2026-01-04 18:19:01,390 - utils.logger_utils - INFO - 成功点击元素: div.button
2026-01-04 18:19:04,310 - utils.logger_utils - INFO - 打开剧首页
2026-01-04 18:19:04,311 - utils.logger_utils - ERROR - 等待页面元素加载时出错: 'ChromiumPage' object has no attribute 'wait_for_load_state'
2026-01-04 18:19:04,311 - utils.logger_utils - INFO - 测试详情的展开和收起
2026-01-04 18:19:05,468 - utils.logger_utils - INFO - 获取元素文本: More
2026-01-04 18:19:05,468 - utils.logger_utils - INFO - 短剧简介初始状态: More
2026-01-04 18:19:05,703 - utils.logger_utils - INFO - 成功点击短剧简介，切换展开/收起状态
2026-01-04 18:19:06,720 - utils.logger_utils - INFO - 获取元素文本: Fold
2026-01-04 18:19:06,721 - utils.logger_utils - INFO - 点击后短剧简介状态: More
2026-01-04 18:19:06,721 - utils.logger_utils - INFO - 成功验证短剧简介展开/收起功能
2026-01-04 18:19:06,959 - utils.logger_utils - INFO - 成功点击短剧简介，切换展开/收起状态
2026-01-04 18:19:06,959 - utils.logger_utils - INFO - 成功验证短剧简介收起功能
2026-01-04 18:19:07,899 - utils.logger_utils - INFO - 打开剧首页
2026-01-04 18:19:07,899 - utils.logger_utils - ERROR - 等待页面元素加载时出错: 'ChromiumPage' object has no attribute 'wait_for_load_state'
2026-01-04 18:19:07,899 - utils.logger_utils - INFO - 测试点击随机一集免费剧集
2026-01-04 18:19:08,004 - utils.logger_utils - ERROR - 未找到任何免费剧集！
2026-01-04 18:19:10,923 - utils.logger_utils - INFO - 打开剧首页
2026-01-04 18:19:10,923 - utils.logger_utils - ERROR - 等待页面元素加载时出错: 'ChromiumPage' object has no attribute 'wait_for_load_state'
2026-01-04 18:19:10,923 - utils.logger_utils - INFO - 剧首页所有测试完成
