2026-01-20 15:14:52,329 - utils.logger_utils - INFO - ==================================================
2026-01-20 15:14:52,329 - utils.logger_utils - INFO - 开始个人中心页面遍历测试
2026-01-20 15:14:52,329 - utils.logger_utils - INFO - ==================================================
2026-01-20 15:14:52,329 - utils.logger_utils - INFO - 正在打开浏览器...
2026-01-20 15:14:52,329 - utils.logger_utils - INFO - 检查并清理端口 9223...
2026-01-20 15:14:52,360 - utils.logger_utils - INFO - 端口 9223 未被占用
2026-01-20 15:14:59,456 - utils.logger_utils - INFO - 启动为移动端模拟模式
2026-01-20 15:14:59,457 - utils.logger_utils - INFO - User-Agent: Mozilla/5.0 (iPhone; CPU iPhone OS 17_0 like Mac OS X) AppleWebKit/605.1.15 (KHTML, like Gecko) Version/17.0 Mobile/15E148 Safari/604.1
2026-01-20 15:14:59,457 - utils.logger_utils - INFO - 创建个人中心遍历测试实例...
2026-01-20 15:14:59,458 - utils.logger_utils - INFO - 开始遍历个人中心页面元素...
2026-01-20 15:14:59,458 - utils.logger_utils - INFO - 开始遍历页面元素: Profile
2026-01-20 15:14:59,458 - utils.logger_utils - INFO - 保存页面HTML: Profile
2026-01-20 15:14:59,461 - utils.logger_utils - INFO - HTML已保存到: html_files/profile.html
2026-01-20 15:14:59,461 - utils.logger_utils - INFO - 开始解析HTML文件: html_files/profile.html
2026-01-20 15:14:59,462 - utils.logger_utils - INFO - 共找到 1 个可交互元素
2026-01-20 15:14:59,462 - utils.logger_utils - INFO - 找到 1 个可交互元素
2026-01-20 15:14:59,462 - utils.logger_utils - INFO - 尝试点击元素: div_spinner-icon (#nprogress > div.spinner > div.spinner-icon)
2026-01-20 15:14:59,462 - utils.logger_utils - INFO - 返回到主页面: /profile
2026-01-20 15:14:59,463 - utils.logger_utils - INFO - 正在导航到URL: /profile
2026-01-20 15:14:59,463 - utils.logger_utils - ERROR - 导航到URL /profile 时出错: 
Invalid url, maybe add "http://"?
url: /profile
Version: 4.1.1.2
2026-01-20 15:15:12,987 - utils.logger_utils - ERROR - 点击元素 #nprogress > div.spinner > div.spinner-icon 时出错: 
No element found.
Method: ele()
Arguments: {'locator': '#nprogress > div.spinner > div.spinner-icon', 'index': 1, 'timeout': 10}
Version: 4.1.1.2
2026-01-20 15:15:12,988 - utils.logger_utils - ERROR - 点击元素 div_spinner-icon 时出错: 
No element found.
Method: ele()
Arguments: {'locator': '#nprogress > div.spinner > div.spinner-icon', 'index': 1, 'timeout': 10}
Version: 4.1.1.2
2026-01-20 15:15:12,988 - utils.logger_utils - INFO - 返回到主页面: /profile
2026-01-20 15:15:12,988 - utils.logger_utils - INFO - 正在导航到URL: /profile
2026-01-20 15:15:12,988 - utils.logger_utils - ERROR - 导航到URL /profile 时出错: 
Invalid url, maybe add "http://"?
url: /profile
Version: 4.1.1.2
2026-01-20 15:15:14,993 - utils.logger_utils - INFO - ==================================================
2026-01-20 15:15:14,994 - utils.logger_utils - INFO - 个人中心页面遍历测试完成
2026-01-20 15:15:14,994 - utils.logger_utils - INFO - ==================================================
2026-01-20 15:18:57,598 - utils.logger_utils - INFO - ==================================================
2026-01-20 15:18:57,598 - utils.logger_utils - INFO - 开始个人中心页面遍历测试
2026-01-20 15:18:57,598 - utils.logger_utils - INFO - ==================================================
2026-01-20 15:18:57,598 - utils.logger_utils - INFO - 正在打开浏览器...
2026-01-20 15:18:57,598 - utils.logger_utils - INFO - 检查并清理端口 9223...
2026-01-20 15:18:57,641 - utils.logger_utils - INFO - 发现占用端口 9223 的进程: PID 85410, 名称: Google
2026-01-20 15:18:57,641 - utils.logger_utils - INFO - 已发送SIGTERM信号给进程 PID 85410
2026-01-20 15:19:03,939 - utils.logger_utils - INFO - 启动为移动端模拟模式
2026-01-20 15:19:03,939 - utils.logger_utils - INFO - User-Agent: Mozilla/5.0 (iPhone; CPU iPhone OS 17_0 like Mac OS X) AppleWebKit/605.1.15 (KHTML, like Gecko) Version/17.0 Mobile/15E148 Safari/604.1
2026-01-20 15:19:03,939 - utils.logger_utils - INFO - 创建个人中心遍历测试实例...
2026-01-20 15:19:03,940 - utils.logger_utils - INFO - 开始遍历个人中心页面元素...
2026-01-20 15:19:03,940 - utils.logger_utils - INFO - 开始遍历页面元素: Profile
2026-01-20 15:19:03,940 - utils.logger_utils - INFO - 保存页面HTML: Profile
2026-01-20 15:19:03,942 - utils.logger_utils - INFO - HTML已保存到: html_files/profile.html
2026-01-20 15:19:03,942 - utils.logger_utils - INFO - 开始解析HTML文件: html_files/profile.html
2026-01-20 15:19:03,944 - utils.logger_utils - INFO - 共找到 1 个可交互元素
2026-01-20 15:19:03,944 - utils.logger_utils - INFO - 找到 1 个可交互元素
2026-01-20 15:19:03,944 - utils.logger_utils - INFO - 尝试点击元素: div_spinner-icon (#nprogress > div.spinner > div.spinner-icon)
2026-01-20 15:19:03,944 - utils.logger_utils - INFO - 返回到主页面: https://video.reelswave.net/profile
2026-01-20 15:19:03,944 - utils.logger_utils - INFO - 正在导航到URL: https://video.reelswave.net/profile
2026-01-20 15:19:06,109 - utils.logger_utils - INFO - 成功导航到URL: https://video.reelswave.net/profile
2026-01-20 15:19:18,129 - utils.logger_utils - ERROR - 点击元素 #nprogress > div.spinner > div.spinner-icon 时出错: 
No element found.
Method: ele()
Arguments: {'locator': '#nprogress > div.spinner > div.spinner-icon', 'index': 1, 'timeout': 10}
Version: 4.1.1.2
2026-01-20 15:19:18,129 - utils.logger_utils - ERROR - 点击元素 div_spinner-icon 时出错: 
No element found.
Method: ele()
Arguments: {'locator': '#nprogress > div.spinner > div.spinner-icon', 'index': 1, 'timeout': 10}
Version: 4.1.1.2
2026-01-20 15:19:18,129 - utils.logger_utils - INFO - 返回到主页面: https://video.reelswave.net/profile
2026-01-20 15:19:18,130 - utils.logger_utils - INFO - 正在导航到URL: https://video.reelswave.net/profile
2026-01-20 15:19:19,278 - utils.logger_utils - INFO - 成功导航到URL: https://video.reelswave.net/profile
2026-01-20 15:19:21,284 - utils.logger_utils - INFO - ==================================================
2026-01-20 15:19:21,284 - utils.logger_utils - INFO - 个人中心页面遍历测试完成
2026-01-20 15:19:21,284 - utils.logger_utils - INFO - ==================================================
2026-01-20 16:07:07,439 - utils.logger_utils - INFO - ==================================================
2026-01-20 16:07:07,439 - utils.logger_utils - INFO - 开始个人中心页面遍历测试
2026-01-20 16:07:07,439 - utils.logger_utils - INFO - ==================================================
2026-01-20 16:07:07,439 - utils.logger_utils - INFO - 正在打开浏览器...
2026-01-20 16:07:07,439 - utils.logger_utils - INFO - 检查并清理端口 9223...
2026-01-20 16:07:07,485 - utils.logger_utils - INFO - 发现占用端口 9223 的进程: PID 85632, 名称: Google
2026-01-20 16:07:07,485 - utils.logger_utils - INFO - 已发送SIGTERM信号给进程 PID 85632
2026-01-20 16:07:14,474 - utils.logger_utils - INFO - 启动为移动端模拟模式
2026-01-20 16:07:14,475 - utils.logger_utils - INFO - User-Agent: Mozilla/5.0 (iPhone; CPU iPhone OS 17_0 like Mac OS X) AppleWebKit/605.1.15 (KHTML, like Gecko) Version/17.0 Mobile/15E148 Safari/604.1
2026-01-20 16:07:14,475 - utils.logger_utils - INFO - 导航到个人中心页面...
2026-01-20 16:07:14,997 - utils.logger_utils - INFO - 等待页面加载...
2026-01-20 16:07:15,001 - utils.logger_utils - ERROR - 测试过程中发生错误: name 'time' is not defined
2026-01-20 16:12:01,222 - utils.logger_utils - INFO - ==================================================
2026-01-20 16:12:01,223 - utils.logger_utils - INFO - 开始个人中心页面遍历测试
2026-01-20 16:12:01,223 - utils.logger_utils - INFO - ==================================================
2026-01-20 16:12:01,223 - utils.logger_utils - INFO - 正在打开浏览器...
2026-01-20 16:12:01,223 - utils.logger_utils - INFO - 检查并清理端口 9223...
2026-01-20 16:12:01,264 - utils.logger_utils - INFO - 发现占用端口 9223 的进程: PID 86685, 名称: Google
2026-01-20 16:12:01,264 - utils.logger_utils - INFO - 已发送SIGTERM信号给进程 PID 86685
2026-01-20 16:12:06,353 - utils.logger_utils - INFO - 启动为移动端模拟模式
2026-01-20 16:12:06,354 - utils.logger_utils - INFO - User-Agent: Mozilla/5.0 (iPhone; CPU iPhone OS 17_0 like Mac OS X) AppleWebKit/605.1.15 (KHTML, like Gecko) Version/17.0 Mobile/15E148 Safari/604.1
2026-01-20 16:12:06,355 - utils.logger_utils - INFO - 导航到个人中心页面...
2026-01-20 16:12:06,847 - utils.logger_utils - INFO - 等待页面加载...
2026-01-20 16:12:06,847 - utils.logger_utils - WARNING - 等待页面加载完成超时: 'ChromiumPageWaiter' object has no attribute 'load_complete'
2026-01-20 16:12:06,848 - utils.logger_utils - INFO - 当前页面URL: https://video.reelswave.net/profile
2026-01-20 16:12:06,848 - utils.logger_utils - INFO - 页面标题: Profile - Short Drama Selection
2026-01-20 16:12:06,853 - utils.logger_utils - INFO - 页面容器已加载
2026-01-20 16:12:06,853 - utils.logger_utils - INFO - 创建个人中心遍历测试实例...
2026-01-20 16:12:06,853 - utils.logger_utils - INFO - 开始遍历个人中心页面元素...
2026-01-20 16:12:06,853 - utils.logger_utils - INFO - 开始遍历页面元素: Profile
2026-01-20 16:12:06,853 - utils.logger_utils - INFO - 等待页面加载完成...
2026-01-20 16:12:06,853 - utils.logger_utils - WARNING - 等待页面加载完成超时: 'ChromiumPageWaiter' object has no attribute 'load_complete'
2026-01-20 16:12:06,854 - utils.logger_utils - INFO - 页面容器已加载
2026-01-20 16:12:06,855 - utils.logger_utils - INFO - 保存页面HTML: Profile
2026-01-20 16:12:06,856 - utils.logger_utils - INFO - HTML内容长度: 6993 字符
2026-01-20 16:12:06,857 - utils.logger_utils - INFO - HTML已保存到: html_files/profile.html
2026-01-20 16:12:06,857 - utils.logger_utils - INFO - 开始从HTML文件提取可交互元素: html_files/profile.html
2026-01-20 16:12:06,857 - utils.logger_utils - INFO - HTML文件大小: 6993 字节
2026-01-20 16:12:06,857 - utils.logger_utils - INFO - 开始解析HTML文件: html_files/profile.html
2026-01-20 16:12:06,857 - utils.logger_utils - INFO - 开始解析HTML内容，长度: 6993 字符
2026-01-20 16:12:06,858 - utils.logger_utils - INFO - HTML中共有 40 个元素
2026-01-20 16:12:06,858 - utils.logger_utils - INFO - 共找到 16 个可交互元素
2026-01-20 16:12:06,859 - utils.logger_utils - INFO - 成功提取 16 个可交互元素
2026-01-20 16:12:06,859 - utils.logger_utils - INFO - 元素 1: 名称=link, CSS路径=[document] > html.dark.nprogress-busy > head > link
2026-01-20 16:12:06,859 - utils.logger_utils - INFO - 元素 2: 名称=link, CSS路径=[document] > html.dark.nprogress-busy > head > link
2026-01-20 16:12:06,859 - utils.logger_utils - INFO - 元素 3: 名称=link, CSS路径=[document] > html.dark.nprogress-busy > head > link
2026-01-20 16:12:06,859 - utils.logger_utils - INFO - 元素 4: 名称=link, CSS路径=[document] > html.dark.nprogress-busy > head > link
2026-01-20 16:12:06,859 - utils.logger_utils - INFO - 元素 5: 名称=link, CSS路径=[document] > html.dark.nprogress-busy > head > link
2026-01-20 16:12:06,859 - utils.logger_utils - INFO - 还有 11 个元素...
2026-01-20 16:12:06,859 - utils.logger_utils - INFO - 找到 16 个可交互元素
2026-01-20 16:12:06,859 - utils.logger_utils - INFO - 尝试点击元素: link ([document] > html.dark.nprogress-busy > head > link)
2026-01-20 16:12:06,859 - utils.logger_utils - INFO - 返回到主页面: https://video.reelswave.net/profile
2026-01-20 16:12:06,859 - utils.logger_utils - INFO - 正在导航到URL: https://video.reelswave.net/profile
2026-01-20 16:12:07,356 - utils.logger_utils - INFO - 成功导航到URL: https://video.reelswave.net/profile
2026-01-20 16:12:07,356 - utils.logger_utils - WARNING - 等待页面加载完成超时: 'ChromiumPageWaiter' object has no attribute 'load_complete'
2026-01-20 16:12:17,362 - utils.logger_utils - ERROR - 点击元素 [document] > html.dark.nprogress-busy > head > link 时出错: 
No element found.
Method: ele()
Arguments: {'locator': '[document] > html.dark.nprogress-busy > head > link', 'index': 1, 'timeout': 10}
Version: 4.1.1.2
2026-01-20 16:12:17,362 - utils.logger_utils - ERROR - 点击元素 link 时出错: 
No element found.
Method: ele()
Arguments: {'locator': '[document] > html.dark.nprogress-busy > head > link', 'index': 1, 'timeout': 10}
Version: 4.1.1.2
2026-01-20 16:12:17,362 - utils.logger_utils - INFO - 返回到主页面: https://video.reelswave.net/profile
2026-01-20 16:12:17,362 - utils.logger_utils - INFO - 正在导航到URL: https://video.reelswave.net/profile
2026-01-20 16:12:18,085 - utils.logger_utils - INFO - 成功导航到URL: https://video.reelswave.net/profile
2026-01-20 16:12:18,085 - utils.logger_utils - WARNING - 等待页面加载完成超时: 'ChromiumPageWaiter' object has no attribute 'load_complete'
2026-01-20 16:12:18,086 - utils.logger_utils - INFO - 尝试点击元素: link ([document] > html.dark.nprogress-busy > head > link)
2026-01-20 16:12:18,086 - utils.logger_utils - INFO - 返回到主页面: https://video.reelswave.net/profile
2026-01-20 16:12:18,086 - utils.logger_utils - INFO - 正在导航到URL: https://video.reelswave.net/profile
2026-01-20 16:12:18,584 - utils.logger_utils - INFO - 成功导航到URL: https://video.reelswave.net/profile
2026-01-20 16:12:18,585 - utils.logger_utils - WARNING - 等待页面加载完成超时: 'ChromiumPageWaiter' object has no attribute 'load_complete'
2026-01-20 16:12:28,589 - utils.logger_utils - ERROR - 点击元素 [document] > html.dark.nprogress-busy > head > link 时出错: 
No element found.
Method: ele()
Arguments: {'locator': '[document] > html.dark.nprogress-busy > head > link', 'index': 1, 'timeout': 10}
Version: 4.1.1.2
2026-01-20 16:12:28,590 - utils.logger_utils - ERROR - 点击元素 link 时出错: 
No element found.
Method: ele()
Arguments: {'locator': '[document] > html.dark.nprogress-busy > head > link', 'index': 1, 'timeout': 10}
Version: 4.1.1.2
2026-01-20 16:12:28,590 - utils.logger_utils - INFO - 返回到主页面: https://video.reelswave.net/profile
2026-01-20 16:12:28,590 - utils.logger_utils - INFO - 正在导航到URL: https://video.reelswave.net/profile
2026-01-20 16:12:29,491 - utils.logger_utils - INFO - 成功导航到URL: https://video.reelswave.net/profile
2026-01-20 16:12:29,492 - utils.logger_utils - WARNING - 等待页面加载完成超时: 'ChromiumPageWaiter' object has no attribute 'load_complete'
2026-01-20 16:12:29,492 - utils.logger_utils - INFO - 尝试点击元素: link ([document] > html.dark.nprogress-busy > head > link)
2026-01-20 16:12:29,492 - utils.logger_utils - INFO - 返回到主页面: https://video.reelswave.net/profile
2026-01-20 16:12:29,492 - utils.logger_utils - INFO - 正在导航到URL: https://video.reelswave.net/profile
2026-01-20 16:12:30,019 - utils.logger_utils - INFO - 成功导航到URL: https://video.reelswave.net/profile
2026-01-20 16:12:30,020 - utils.logger_utils - WARNING - 等待页面加载完成超时: 'ChromiumPageWaiter' object has no attribute 'load_complete'
2026-01-20 16:12:40,030 - utils.logger_utils - ERROR - 点击元素 [document] > html.dark.nprogress-busy > head > link 时出错: 
No element found.
Method: ele()
Arguments: {'locator': '[document] > html.dark.nprogress-busy > head > link', 'index': 1, 'timeout': 10}
Version: 4.1.1.2
2026-01-20 16:12:40,030 - utils.logger_utils - ERROR - 点击元素 link 时出错: 
No element found.
Method: ele()
Arguments: {'locator': '[document] > html.dark.nprogress-busy > head > link', 'index': 1, 'timeout': 10}
Version: 4.1.1.2
2026-01-20 16:12:40,031 - utils.logger_utils - INFO - 返回到主页面: https://video.reelswave.net/profile
2026-01-20 16:12:40,031 - utils.logger_utils - INFO - 正在导航到URL: https://video.reelswave.net/profile
2026-01-20 16:12:40,798 - utils.logger_utils - INFO - 成功导航到URL: https://video.reelswave.net/profile
2026-01-20 16:12:40,799 - utils.logger_utils - WARNING - 等待页面加载完成超时: 'ChromiumPageWaiter' object has no attribute 'load_complete'
2026-01-20 16:12:40,799 - utils.logger_utils - INFO - 尝试点击元素: link ([document] > html.dark.nprogress-busy > head > link)
2026-01-20 16:12:40,799 - utils.logger_utils - INFO - 返回到主页面: https://video.reelswave.net/profile
2026-01-20 16:12:40,799 - utils.logger_utils - INFO - 正在导航到URL: https://video.reelswave.net/profile
2026-01-20 16:12:41,320 - utils.logger_utils - INFO - 成功导航到URL: https://video.reelswave.net/profile
2026-01-20 16:12:41,321 - utils.logger_utils - WARNING - 等待页面加载完成超时: 'ChromiumPageWaiter' object has no attribute 'load_complete'
2026-01-20 16:12:51,323 - utils.logger_utils - ERROR - 点击元素 [document] > html.dark.nprogress-busy > head > link 时出错: 
No element found.
Method: ele()
Arguments: {'locator': '[document] > html.dark.nprogress-busy > head > link', 'index': 1, 'timeout': 10}
Version: 4.1.1.2
2026-01-20 16:12:51,323 - utils.logger_utils - ERROR - 点击元素 link 时出错: 
No element found.
Method: ele()
Arguments: {'locator': '[document] > html.dark.nprogress-busy > head > link', 'index': 1, 'timeout': 10}
Version: 4.1.1.2
2026-01-20 16:12:51,323 - utils.logger_utils - INFO - 返回到主页面: https://video.reelswave.net/profile
2026-01-20 16:12:51,323 - utils.logger_utils - INFO - 正在导航到URL: https://video.reelswave.net/profile
2026-01-20 16:12:52,056 - utils.logger_utils - INFO - 成功导航到URL: https://video.reelswave.net/profile
2026-01-20 16:12:52,056 - utils.logger_utils - WARNING - 等待页面加载完成超时: 'ChromiumPageWaiter' object has no attribute 'load_complete'
2026-01-20 16:12:52,056 - utils.logger_utils - INFO - 尝试点击元素: link ([document] > html.dark.nprogress-busy > head > link)
2026-01-20 16:12:52,056 - utils.logger_utils - INFO - 返回到主页面: https://video.reelswave.net/profile
2026-01-20 16:12:52,056 - utils.logger_utils - INFO - 正在导航到URL: https://video.reelswave.net/profile
2026-01-20 16:12:52,648 - utils.logger_utils - INFO - 成功导航到URL: https://video.reelswave.net/profile
2026-01-20 16:12:52,649 - utils.logger_utils - WARNING - 等待页面加载完成超时: 'ChromiumPageWaiter' object has no attribute 'load_complete'
2026-01-20 16:13:02,654 - utils.logger_utils - ERROR - 点击元素 [document] > html.dark.nprogress-busy > head > link 时出错: 
No element found.
Method: ele()
Arguments: {'locator': '[document] > html.dark.nprogress-busy > head > link', 'index': 1, 'timeout': 10}
Version: 4.1.1.2
2026-01-20 16:13:02,654 - utils.logger_utils - ERROR - 点击元素 link 时出错: 
No element found.
Method: ele()
Arguments: {'locator': '[document] > html.dark.nprogress-busy > head > link', 'index': 1, 'timeout': 10}
Version: 4.1.1.2
2026-01-20 16:13:02,654 - utils.logger_utils - INFO - 返回到主页面: https://video.reelswave.net/profile
2026-01-20 16:13:02,654 - utils.logger_utils - INFO - 正在导航到URL: https://video.reelswave.net/profile
2026-01-20 16:13:03,390 - utils.logger_utils - INFO - 成功导航到URL: https://video.reelswave.net/profile
2026-01-20 16:13:03,390 - utils.logger_utils - WARNING - 等待页面加载完成超时: 'ChromiumPageWaiter' object has no attribute 'load_complete'
2026-01-20 16:13:03,391 - utils.logger_utils - INFO - 尝试点击元素: link ([document] > html.dark.nprogress-busy > head > link)
2026-01-20 16:13:03,391 - utils.logger_utils - INFO - 返回到主页面: https://video.reelswave.net/profile
2026-01-20 16:13:03,391 - utils.logger_utils - INFO - 正在导航到URL: https://video.reelswave.net/profile
2026-01-20 16:13:03,895 - utils.logger_utils - INFO - 成功导航到URL: https://video.reelswave.net/profile
2026-01-20 16:13:03,895 - utils.logger_utils - WARNING - 等待页面加载完成超时: 'ChromiumPageWaiter' object has no attribute 'load_complete'
2026-01-20 16:13:13,903 - utils.logger_utils - ERROR - 点击元素 [document] > html.dark.nprogress-busy > head > link 时出错: 
No element found.
Method: ele()
Arguments: {'locator': '[document] > html.dark.nprogress-busy > head > link', 'index': 1, 'timeout': 10}
Version: 4.1.1.2
2026-01-20 16:13:13,903 - utils.logger_utils - ERROR - 点击元素 link 时出错: 
No element found.
Method: ele()
Arguments: {'locator': '[document] > html.dark.nprogress-busy > head > link', 'index': 1, 'timeout': 10}
Version: 4.1.1.2
2026-01-20 16:13:13,903 - utils.logger_utils - INFO - 返回到主页面: https://video.reelswave.net/profile
2026-01-20 16:13:13,904 - utils.logger_utils - INFO - 正在导航到URL: https://video.reelswave.net/profile
2026-01-20 16:13:14,623 - utils.logger_utils - INFO - 成功导航到URL: https://video.reelswave.net/profile
2026-01-20 16:13:14,623 - utils.logger_utils - WARNING - 等待页面加载完成超时: 'ChromiumPageWaiter' object has no attribute 'load_complete'
2026-01-20 16:13:14,623 - utils.logger_utils - INFO - 尝试点击元素: link ([document] > html.dark.nprogress-busy > head > link)
2026-01-20 16:13:14,623 - utils.logger_utils - INFO - 返回到主页面: https://video.reelswave.net/profile
2026-01-20 16:13:14,623 - utils.logger_utils - INFO - 正在导航到URL: https://video.reelswave.net/profile
2026-01-20 16:13:15,115 - utils.logger_utils - INFO - 成功导航到URL: https://video.reelswave.net/profile
2026-01-20 16:13:15,116 - utils.logger_utils - WARNING - 等待页面加载完成超时: 'ChromiumPageWaiter' object has no attribute 'load_complete'
2026-01-20 16:13:25,121 - utils.logger_utils - ERROR - 点击元素 [document] > html.dark.nprogress-busy > head > link 时出错: 
No element found.
Method: ele()
Arguments: {'locator': '[document] > html.dark.nprogress-busy > head > link', 'index': 1, 'timeout': 10}
Version: 4.1.1.2
2026-01-20 16:13:25,122 - utils.logger_utils - ERROR - 点击元素 link 时出错: 
No element found.
Method: ele()
Arguments: {'locator': '[document] > html.dark.nprogress-busy > head > link', 'index': 1, 'timeout': 10}
Version: 4.1.1.2
2026-01-20 16:13:25,122 - utils.logger_utils - INFO - 返回到主页面: https://video.reelswave.net/profile
2026-01-20 16:13:25,122 - utils.logger_utils - INFO - 正在导航到URL: https://video.reelswave.net/profile
2026-01-20 16:13:26,981 - utils.logger_utils - INFO - 成功导航到URL: https://video.reelswave.net/profile
2026-01-20 16:13:26,981 - utils.logger_utils - WARNING - 等待页面加载完成超时: 'ChromiumPageWaiter' object has no attribute 'load_complete'
2026-01-20 16:13:26,981 - utils.logger_utils - INFO - 尝试点击元素: div (#app)
2026-01-20 16:13:26,981 - utils.logger_utils - INFO - 返回到主页面: https://video.reelswave.net/profile
2026-01-20 16:13:26,981 - utils.logger_utils - INFO - 正在导航到URL: https://video.reelswave.net/profile
2026-01-20 16:13:27,476 - utils.logger_utils - INFO - 成功导航到URL: https://video.reelswave.net/profile
2026-01-20 16:13:27,476 - utils.logger_utils - WARNING - 等待页面加载完成超时: 'ChromiumPageWaiter' object has no attribute 'load_complete'
2026-01-20 16:13:27,722 - utils.logger_utils - INFO - 成功点击元素: #app
2026-01-20 16:13:28,409 - utils.logger_utils - INFO - 检测到页面开始加载
2026-01-20 16:13:28,410 - utils.logger_utils - INFO - 尝试点击元素: div_min-h-100vh (#app > div.min-h-100vh)
2026-01-20 16:13:28,410 - utils.logger_utils - INFO - 返回到主页面: https://video.reelswave.net/profile
2026-01-20 16:13:28,410 - utils.logger_utils - INFO - 正在导航到URL: https://video.reelswave.net/profile
2026-01-20 16:13:28,933 - utils.logger_utils - INFO - 成功导航到URL: https://video.reelswave.net/profile
2026-01-20 16:13:28,933 - utils.logger_utils - WARNING - 等待页面加载完成超时: 'ChromiumPageWaiter' object has no attribute 'load_complete'
2026-01-20 16:13:38,937 - utils.logger_utils - ERROR - 点击元素 #app > div.min-h-100vh 时出错: 
No element found.
Method: ele()
Arguments: {'locator': '#app > div.min-h-100vh', 'index': 1, 'timeout': 10}
Version: 4.1.1.2
2026-01-20 16:13:38,937 - utils.logger_utils - ERROR - 点击元素 div_min-h-100vh 时出错: 
No element found.
Method: ele()
Arguments: {'locator': '#app > div.min-h-100vh', 'index': 1, 'timeout': 10}
Version: 4.1.1.2
2026-01-20 16:13:38,938 - utils.logger_utils - INFO - 返回到主页面: https://video.reelswave.net/profile
2026-01-20 16:13:38,938 - utils.logger_utils - INFO - 正在导航到URL: https://video.reelswave.net/profile
2026-01-20 16:13:39,636 - utils.logger_utils - INFO - 成功导航到URL: https://video.reelswave.net/profile
2026-01-20 16:13:39,636 - utils.logger_utils - WARNING - 等待页面加载完成超时: 'ChromiumPageWaiter' object has no attribute 'load_complete'
2026-01-20 16:13:39,636 - utils.logger_utils - INFO - 尝试点击元素: div_w-full_relative_flex_z-1_justify-start_flex-col_items-stretch (#app > div.min-h-100vh > div.w-full.relative.flex.z-1.justify-start.flex-col.items-stretch)
2026-01-20 16:13:39,636 - utils.logger_utils - INFO - 返回到主页面: https://video.reelswave.net/profile
2026-01-20 16:13:39,636 - utils.logger_utils - INFO - 正在导航到URL: https://video.reelswave.net/profile
2026-01-20 16:13:40,135 - utils.logger_utils - INFO - 成功导航到URL: https://video.reelswave.net/profile
2026-01-20 16:13:40,135 - utils.logger_utils - WARNING - 等待页面加载完成超时: 'ChromiumPageWaiter' object has no attribute 'load_complete'
2026-01-20 16:13:50,141 - utils.logger_utils - ERROR - 点击元素 #app > div.min-h-100vh > div.w-full.relative.flex.z-1.justify-start.flex-col.items-stretch 时出错: 
No element found.
Method: ele()
Arguments: {'locator': '#app > div.min-h-100vh > div.w-full.relative.flex.z-1.justify-start.flex-col.items-stretch', 'index': 1, 'timeout': 10}
Version: 4.1.1.2
2026-01-20 16:13:50,142 - utils.logger_utils - ERROR - 点击元素 div_w-full_relative_flex_z-1_justify-start_flex-col_items-stretch 时出错: 
No element found.
Method: ele()
Arguments: {'locator': '#app > div.min-h-100vh > div.w-full.relative.flex.z-1.justify-start.flex-col.items-stretch', 'index': 1, 'timeout': 10}
Version: 4.1.1.2
2026-01-20 16:13:50,142 - utils.logger_utils - INFO - 返回到主页面: https://video.reelswave.net/profile
2026-01-20 16:13:50,142 - utils.logger_utils - INFO - 正在导航到URL: https://video.reelswave.net/profile
2026-01-20 16:13:50,862 - utils.logger_utils - INFO - 成功导航到URL: https://video.reelswave.net/profile
2026-01-20 16:13:50,862 - utils.logger_utils - WARNING - 等待页面加载完成超时: 'ChromiumPageWaiter' object has no attribute 'load_complete'
2026-01-20 16:13:50,862 - utils.logger_utils - INFO - 尝试点击元素: div (#aswift_0_host)
2026-01-20 16:13:50,862 - utils.logger_utils - INFO - 返回到主页面: https://video.reelswave.net/profile
2026-01-20 16:13:50,863 - utils.logger_utils - INFO - 正在导航到URL: https://video.reelswave.net/profile
2026-01-20 16:13:51,413 - utils.logger_utils - INFO - 成功导航到URL: https://video.reelswave.net/profile
2026-01-20 16:13:51,414 - utils.logger_utils - WARNING - 等待页面加载完成超时: 'ChromiumPageWaiter' object has no attribute 'load_complete'
2026-01-20 16:13:52,921 - utils.logger_utils - ERROR - 点击元素 #aswift_0_host 时出错: 
This element has no location or size.
Version: 4.1.1.2
2026-01-20 16:13:52,921 - utils.logger_utils - ERROR - 点击元素 div 时出错: 
This element has no location or size.
Version: 4.1.1.2
2026-01-20 16:13:52,921 - utils.logger_utils - INFO - 返回到主页面: https://video.reelswave.net/profile
2026-01-20 16:13:52,921 - utils.logger_utils - INFO - 正在导航到URL: https://video.reelswave.net/profile
2026-01-20 16:13:53,428 - utils.logger_utils - INFO - 成功导航到URL: https://video.reelswave.net/profile
2026-01-20 16:13:53,429 - utils.logger_utils - WARNING - 等待页面加载完成超时: 'ChromiumPageWaiter' object has no attribute 'load_complete'
2026-01-20 16:13:53,429 - utils.logger_utils - INFO - 尝试点击元素: div (#nprogress)
2026-01-20 16:13:53,429 - utils.logger_utils - INFO - 返回到主页面: https://video.reelswave.net/profile
2026-01-20 16:13:53,429 - utils.logger_utils - INFO - 正在导航到URL: https://video.reelswave.net/profile
2026-01-20 16:13:53,984 - utils.logger_utils - INFO - 成功导航到URL: https://video.reelswave.net/profile
2026-01-20 16:13:53,984 - utils.logger_utils - WARNING - 等待页面加载完成超时: 'ChromiumPageWaiter' object has no attribute 'load_complete'
2026-01-20 16:13:54,232 - utils.logger_utils - INFO - 成功点击元素: #nprogress
2026-01-20 16:13:54,737 - utils.logger_utils - INFO - 检测到页面开始加载
2026-01-20 16:13:54,738 - utils.logger_utils - INFO - 尝试点击元素: div_bar (#nprogress > div.bar)
2026-01-20 16:13:54,738 - utils.logger_utils - INFO - 返回到主页面: https://video.reelswave.net/profile
2026-01-20 16:13:54,738 - utils.logger_utils - INFO - 正在导航到URL: https://video.reelswave.net/profile
2026-01-20 16:13:55,307 - utils.logger_utils - INFO - 成功导航到URL: https://video.reelswave.net/profile
2026-01-20 16:13:55,307 - utils.logger_utils - WARNING - 等待页面加载完成超时: 'ChromiumPageWaiter' object has no attribute 'load_complete'
2026-01-20 16:14:05,318 - utils.logger_utils - ERROR - 点击元素 #nprogress > div.bar 时出错: 
No element found.
Method: ele()
Arguments: {'locator': '#nprogress > div.bar', 'index': 1, 'timeout': 10}
Version: 4.1.1.2
2026-01-20 16:14:05,319 - utils.logger_utils - ERROR - 点击元素 div_bar 时出错: 
No element found.
Method: ele()
Arguments: {'locator': '#nprogress > div.bar', 'index': 1, 'timeout': 10}
Version: 4.1.1.2
2026-01-20 16:14:05,319 - utils.logger_utils - INFO - 返回到主页面: https://video.reelswave.net/profile
2026-01-20 16:14:05,319 - utils.logger_utils - INFO - 正在导航到URL: https://video.reelswave.net/profile
2026-01-20 16:14:06,926 - utils.logger_utils - INFO - 成功导航到URL: https://video.reelswave.net/profile
2026-01-20 16:14:06,926 - utils.logger_utils - WARNING - 等待页面加载完成超时: 'ChromiumPageWaiter' object has no attribute 'load_complete'
2026-01-20 16:14:06,926 - utils.logger_utils - INFO - 尝试点击元素: div_peg (#nprogress > div.bar > div.peg)
2026-01-20 16:14:06,926 - utils.logger_utils - INFO - 返回到主页面: https://video.reelswave.net/profile
2026-01-20 16:14:06,926 - utils.logger_utils - INFO - 正在导航到URL: https://video.reelswave.net/profile
2026-01-20 16:14:07,427 - utils.logger_utils - INFO - 成功导航到URL: https://video.reelswave.net/profile
2026-01-20 16:14:07,427 - utils.logger_utils - WARNING - 等待页面加载完成超时: 'ChromiumPageWaiter' object has no attribute 'load_complete'
2026-01-20 16:14:17,430 - utils.logger_utils - ERROR - 点击元素 #nprogress > div.bar > div.peg 时出错: 
No element found.
Method: ele()
Arguments: {'locator': '#nprogress > div.bar > div.peg', 'index': 1, 'timeout': 10}
Version: 4.1.1.2
2026-01-20 16:14:17,432 - utils.logger_utils - ERROR - 点击元素 div_peg 时出错: 
No element found.
Method: ele()
Arguments: {'locator': '#nprogress > div.bar > div.peg', 'index': 1, 'timeout': 10}
Version: 4.1.1.2
2026-01-20 16:14:17,432 - utils.logger_utils - INFO - 返回到主页面: https://video.reelswave.net/profile
2026-01-20 16:14:17,433 - utils.logger_utils - INFO - 正在导航到URL: https://video.reelswave.net/profile
2026-01-20 16:14:18,273 - utils.logger_utils - INFO - 成功导航到URL: https://video.reelswave.net/profile
2026-01-20 16:14:18,273 - utils.logger_utils - WARNING - 等待页面加载完成超时: 'ChromiumPageWaiter' object has no attribute 'load_complete'
2026-01-20 16:14:18,274 - utils.logger_utils - INFO - 尝试点击元素: div_spinner (#nprogress > div.spinner)
2026-01-20 16:14:18,274 - utils.logger_utils - INFO - 返回到主页面: https://video.reelswave.net/profile
2026-01-20 16:14:18,274 - utils.logger_utils - INFO - 正在导航到URL: https://video.reelswave.net/profile
2026-01-20 16:14:18,865 - utils.logger_utils - INFO - 成功导航到URL: https://video.reelswave.net/profile
2026-01-20 16:14:18,866 - utils.logger_utils - WARNING - 等待页面加载完成超时: 'ChromiumPageWaiter' object has no attribute 'load_complete'
2026-01-20 16:14:28,876 - utils.logger_utils - ERROR - 点击元素 #nprogress > div.spinner 时出错: 
No element found.
Method: ele()
Arguments: {'locator': '#nprogress > div.spinner', 'index': 1, 'timeout': 10}
Version: 4.1.1.2
2026-01-20 16:14:28,877 - utils.logger_utils - ERROR - 点击元素 div_spinner 时出错: 
No element found.
Method: ele()
Arguments: {'locator': '#nprogress > div.spinner', 'index': 1, 'timeout': 10}
Version: 4.1.1.2
2026-01-20 16:14:28,877 - utils.logger_utils - INFO - 返回到主页面: https://video.reelswave.net/profile
2026-01-20 16:14:28,877 - utils.logger_utils - INFO - 正在导航到URL: https://video.reelswave.net/profile
2026-01-20 16:14:29,578 - utils.logger_utils - INFO - 成功导航到URL: https://video.reelswave.net/profile
2026-01-20 16:14:29,578 - utils.logger_utils - WARNING - 等待页面加载完成超时: 'ChromiumPageWaiter' object has no attribute 'load_complete'
2026-01-20 16:14:29,578 - utils.logger_utils - INFO - 尝试点击元素: div_spinner-icon (#nprogress > div.spinner > div.spinner-icon)
2026-01-20 16:14:29,579 - utils.logger_utils - INFO - 返回到主页面: https://video.reelswave.net/profile
2026-01-20 16:14:29,579 - utils.logger_utils - INFO - 正在导航到URL: https://video.reelswave.net/profile
2026-01-20 16:14:30,140 - utils.logger_utils - INFO - 成功导航到URL: https://video.reelswave.net/profile
2026-01-20 16:14:30,140 - utils.logger_utils - WARNING - 等待页面加载完成超时: 'ChromiumPageWaiter' object has no attribute 'load_complete'
2026-01-20 16:14:40,147 - utils.logger_utils - ERROR - 点击元素 #nprogress > div.spinner > div.spinner-icon 时出错: 
No element found.
Method: ele()
Arguments: {'locator': '#nprogress > div.spinner > div.spinner-icon', 'index': 1, 'timeout': 10}
Version: 4.1.1.2
2026-01-20 16:14:40,147 - utils.logger_utils - ERROR - 点击元素 div_spinner-icon 时出错: 
No element found.
Method: ele()
Arguments: {'locator': '#nprogress > div.spinner > div.spinner-icon', 'index': 1, 'timeout': 10}
Version: 4.1.1.2
2026-01-20 16:14:40,148 - utils.logger_utils - INFO - 返回到主页面: https://video.reelswave.net/profile
2026-01-20 16:14:40,148 - utils.logger_utils - INFO - 正在导航到URL: https://video.reelswave.net/profile
2026-01-20 16:14:41,020 - utils.logger_utils - INFO - 成功导航到URL: https://video.reelswave.net/profile
2026-01-20 16:14:41,020 - utils.logger_utils - WARNING - 等待页面加载完成超时: 'ChromiumPageWaiter' object has no attribute 'load_complete'
2026-01-20 16:14:41,020 - utils.logger_utils - INFO - ==================================================
2026-01-20 16:14:41,020 - utils.logger_utils - INFO - 个人中心页面遍历测试完成
2026-01-20 16:14:41,020 - utils.logger_utils - INFO - ==================================================
2026-01-20 17:00:37,502 - utils.logger_utils - INFO - ==================================================
2026-01-20 17:00:37,503 - utils.logger_utils - INFO - 开始个人中心页面遍历测试
2026-01-20 17:00:37,503 - utils.logger_utils - INFO - ==================================================
2026-01-20 17:00:37,503 - utils.logger_utils - INFO - 正在打开浏览器...
2026-01-20 17:00:37,503 - utils.logger_utils - INFO - 检查并清理端口 9223...
2026-01-20 17:00:37,554 - utils.logger_utils - INFO - 发现占用端口 9223 的进程: PID 86855, 名称: Google
2026-01-20 17:00:37,554 - utils.logger_utils - INFO - 已发送SIGTERM信号给进程 PID 86855
2026-01-20 17:00:42,986 - utils.logger_utils - INFO - 启动为移动端模拟模式
2026-01-20 17:00:42,987 - utils.logger_utils - INFO - User-Agent: Mozilla/5.0 (iPhone; CPU iPhone OS 17_0 like Mac OS X) AppleWebKit/605.1.15 (KHTML, like Gecko) Version/17.0 Mobile/15E148 Safari/604.1
2026-01-20 17:00:42,987 - utils.logger_utils - INFO - 导航到个人中心页面...
2026-01-20 17:00:43,587 - utils.logger_utils - INFO - 等待页面加载...
2026-01-20 17:00:45,592 - utils.logger_utils - INFO - 页面加载完成
2026-01-20 17:00:45,594 - utils.logger_utils - INFO - 当前页面URL: https://video.reelswave.net/profile
2026-01-20 17:00:45,595 - utils.logger_utils - INFO - 页面标题: Profile - Short Drama Selection
2026-01-20 17:00:45,604 - utils.logger_utils - INFO - 页面容器已加载
2026-01-20 17:00:45,604 - utils.logger_utils - INFO - 创建个人中心遍历测试实例...
2026-01-20 17:00:45,604 - utils.logger_utils - INFO - 开始遍历个人中心页面元素...
2026-01-20 17:00:45,604 - utils.logger_utils - INFO - 开始遍历页面元素: Profile
2026-01-20 17:00:45,604 - utils.logger_utils - INFO - 等待页面加载完成...
2026-01-20 17:00:47,606 - utils.logger_utils - INFO - 页面加载完成
2026-01-20 17:00:47,612 - utils.logger_utils - INFO - 页面容器已加载
2026-01-20 17:00:47,612 - utils.logger_utils - INFO - 保存页面HTML: Profile
2026-01-20 17:00:47,625 - utils.logger_utils - INFO - HTML内容长度: 23868 字符
2026-01-20 17:00:47,625 - utils.logger_utils - INFO - HTML已保存到: html_files/profile.html
2026-01-20 17:00:47,625 - utils.logger_utils - INFO - 开始从HTML文件提取可交互元素: html_files/profile.html
2026-01-20 17:00:47,625 - utils.logger_utils - INFO - HTML文件大小: 23872 字节
2026-01-20 17:00:47,625 - utils.logger_utils - INFO - 开始解析HTML文件: html_files/profile.html
2026-01-20 17:00:47,625 - utils.logger_utils - INFO - 开始解析HTML内容，长度: 23868 字符
2026-01-20 17:00:47,627 - utils.logger_utils - INFO - HTML中共有 101 个元素
2026-01-20 17:00:47,628 - utils.logger_utils - INFO - 共找到 58 个可交互元素
2026-01-20 17:00:47,628 - utils.logger_utils - INFO - 成功提取 58 个可交互元素
2026-01-20 17:00:47,628 - utils.logger_utils - INFO - 元素 1: 名称=link, CSS路径=[document] > html.dark > head > link
2026-01-20 17:00:47,628 - utils.logger_utils - INFO - 元素 2: 名称=link, CSS路径=[document] > html.dark > head > link
2026-01-20 17:00:47,628 - utils.logger_utils - INFO - 元素 3: 名称=link, CSS路径=[document] > html.dark > head > link
2026-01-20 17:00:47,628 - utils.logger_utils - INFO - 元素 4: 名称=link, CSS路径=[document] > html.dark > head > link
2026-01-20 17:00:47,628 - utils.logger_utils - INFO - 元素 5: 名称=link, CSS路径=[document] > html.dark > head > link
2026-01-20 17:00:47,628 - utils.logger_utils - INFO - 还有 53 个元素...
2026-01-20 17:00:47,628 - utils.logger_utils - INFO - 找到 58 个可交互元素
2026-01-20 17:00:47,628 - utils.logger_utils - INFO - 尝试点击元素: link ([document] > html.dark > head > link)
2026-01-20 17:00:47,628 - utils.logger_utils - INFO - 返回到主页面: https://video.reelswave.net/profile
2026-01-20 17:00:47,628 - utils.logger_utils - INFO - 正在导航到URL: https://video.reelswave.net/profile
2026-01-20 17:00:48,420 - utils.logger_utils - INFO - 成功导航到URL: https://video.reelswave.net/profile
2026-01-20 17:00:50,425 - utils.logger_utils - INFO - 页面加载完成
2026-01-20 17:01:00,430 - utils.logger_utils - ERROR - 点击元素 [document] > html.dark > head > link 时出错: 
No element found.
Method: ele()
Arguments: {'locator': '[document] > html.dark > head > link', 'index': 1, 'timeout': 10}
Version: 4.1.1.2
2026-01-20 17:01:00,431 - utils.logger_utils - ERROR - 点击元素 link 时出错: 
No element found.
Method: ele()
Arguments: {'locator': '[document] > html.dark > head > link', 'index': 1, 'timeout': 10}
Version: 4.1.1.2
2026-01-20 17:01:00,431 - utils.logger_utils - INFO - 返回到主页面: https://video.reelswave.net/profile
2026-01-20 17:01:00,431 - utils.logger_utils - INFO - 正在导航到URL: https://video.reelswave.net/profile
2026-01-20 17:01:01,281 - utils.logger_utils - INFO - 成功导航到URL: https://video.reelswave.net/profile
2026-01-20 17:01:03,286 - utils.logger_utils - INFO - 页面加载完成
2026-01-20 17:01:03,286 - utils.logger_utils - INFO - 尝试点击元素: link ([document] > html.dark > head > link)
2026-01-20 17:01:03,286 - utils.logger_utils - INFO - 返回到主页面: https://video.reelswave.net/profile
2026-01-20 17:01:03,287 - utils.logger_utils - INFO - 正在导航到URL: https://video.reelswave.net/profile
2026-01-20 17:01:03,901 - utils.logger_utils - INFO - 成功导航到URL: https://video.reelswave.net/profile
2026-01-20 17:01:05,905 - utils.logger_utils - INFO - 页面加载完成
2026-01-20 17:01:15,915 - utils.logger_utils - ERROR - 点击元素 [document] > html.dark > head > link 时出错: 
No element found.
Method: ele()
Arguments: {'locator': '[document] > html.dark > head > link', 'index': 1, 'timeout': 10}
Version: 4.1.1.2
2026-01-20 17:01:15,916 - utils.logger_utils - ERROR - 点击元素 link 时出错: 
No element found.
Method: ele()
Arguments: {'locator': '[document] > html.dark > head > link', 'index': 1, 'timeout': 10}
Version: 4.1.1.2
2026-01-20 17:01:15,916 - utils.logger_utils - INFO - 返回到主页面: https://video.reelswave.net/profile
2026-01-20 17:01:15,916 - utils.logger_utils - INFO - 正在导航到URL: https://video.reelswave.net/profile
2026-01-20 17:01:16,744 - utils.logger_utils - INFO - 成功导航到URL: https://video.reelswave.net/profile
2026-01-20 17:01:18,749 - utils.logger_utils - INFO - 页面加载完成
2026-01-20 17:01:18,749 - utils.logger_utils - INFO - 尝试点击元素: link ([document] > html.dark > head > link)
2026-01-20 17:01:18,749 - utils.logger_utils - INFO - 返回到主页面: https://video.reelswave.net/profile
2026-01-20 17:01:18,749 - utils.logger_utils - INFO - 正在导航到URL: https://video.reelswave.net/profile
2026-01-20 17:01:19,333 - utils.logger_utils - INFO - 成功导航到URL: https://video.reelswave.net/profile
2026-01-20 17:01:21,335 - utils.logger_utils - INFO - 页面加载完成
2026-01-20 17:01:31,336 - utils.logger_utils - ERROR - 点击元素 [document] > html.dark > head > link 时出错: 
No element found.
Method: ele()
Arguments: {'locator': '[document] > html.dark > head > link', 'index': 1, 'timeout': 10}
Version: 4.1.1.2
2026-01-20 17:01:31,336 - utils.logger_utils - ERROR - 点击元素 link 时出错: 
No element found.
Method: ele()
Arguments: {'locator': '[document] > html.dark > head > link', 'index': 1, 'timeout': 10}
Version: 4.1.1.2
2026-01-20 17:01:31,336 - utils.logger_utils - INFO - 返回到主页面: https://video.reelswave.net/profile
2026-01-20 17:01:31,336 - utils.logger_utils - INFO - 正在导航到URL: https://video.reelswave.net/profile
2026-01-20 17:01:32,550 - utils.logger_utils - INFO - 成功导航到URL: https://video.reelswave.net/profile
2026-01-20 17:01:34,555 - utils.logger_utils - INFO - 页面加载完成
2026-01-20 17:01:34,555 - utils.logger_utils - INFO - 尝试点击元素: link ([document] > html.dark > head > link)
2026-01-20 17:01:34,555 - utils.logger_utils - INFO - 返回到主页面: https://video.reelswave.net/profile
2026-01-20 17:01:34,556 - utils.logger_utils - INFO - 正在导航到URL: https://video.reelswave.net/profile
2026-01-20 17:01:35,596 - utils.logger_utils - INFO - 成功导航到URL: https://video.reelswave.net/profile
2026-01-20 17:01:37,601 - utils.logger_utils - INFO - 页面加载完成
2026-01-20 17:01:47,603 - utils.logger_utils - ERROR - 点击元素 [document] > html.dark > head > link 时出错: 
No element found.
Method: ele()
Arguments: {'locator': '[document] > html.dark > head > link', 'index': 1, 'timeout': 10}
Version: 4.1.1.2
2026-01-20 17:01:47,603 - utils.logger_utils - ERROR - 点击元素 link 时出错: 
No element found.
Method: ele()
Arguments: {'locator': '[document] > html.dark > head > link', 'index': 1, 'timeout': 10}
Version: 4.1.1.2
2026-01-20 17:01:47,603 - utils.logger_utils - INFO - 返回到主页面: https://video.reelswave.net/profile
2026-01-20 17:01:47,603 - utils.logger_utils - INFO - 正在导航到URL: https://video.reelswave.net/profile
2026-01-20 17:01:49,518 - utils.logger_utils - INFO - 成功导航到URL: https://video.reelswave.net/profile
2026-01-20 17:01:51,521 - utils.logger_utils - INFO - 页面加载完成
2026-01-20 17:01:51,522 - utils.logger_utils - INFO - 尝试点击元素: link ([document] > html.dark > head > link)
2026-01-20 17:01:51,522 - utils.logger_utils - INFO - 返回到主页面: https://video.reelswave.net/profile
2026-01-20 17:01:51,523 - utils.logger_utils - INFO - 正在导航到URL: https://video.reelswave.net/profile
2026-01-20 17:01:52,053 - utils.logger_utils - INFO - 成功导航到URL: https://video.reelswave.net/profile
2026-01-20 17:01:54,058 - utils.logger_utils - INFO - 页面加载完成
2026-01-20 17:02:04,070 - utils.logger_utils - ERROR - 点击元素 [document] > html.dark > head > link 时出错: 
No element found.
Method: ele()
Arguments: {'locator': '[document] > html.dark > head > link', 'index': 1, 'timeout': 10}
Version: 4.1.1.2
2026-01-20 17:02:04,071 - utils.logger_utils - ERROR - 点击元素 link 时出错: 
No element found.
Method: ele()
Arguments: {'locator': '[document] > html.dark > head > link', 'index': 1, 'timeout': 10}
Version: 4.1.1.2
2026-01-20 17:02:04,071 - utils.logger_utils - INFO - 返回到主页面: https://video.reelswave.net/profile
2026-01-20 17:02:04,071 - utils.logger_utils - INFO - 正在导航到URL: https://video.reelswave.net/profile
2026-01-20 17:02:06,911 - utils.logger_utils - INFO - 成功导航到URL: https://video.reelswave.net/profile
2026-01-20 17:02:08,913 - utils.logger_utils - INFO - 页面加载完成
2026-01-20 17:02:08,913 - utils.logger_utils - INFO - 尝试点击元素: link ([document] > html.dark > head > link)
2026-01-20 17:02:08,913 - utils.logger_utils - INFO - 返回到主页面: https://video.reelswave.net/profile
2026-01-20 17:02:08,913 - utils.logger_utils - INFO - 正在导航到URL: https://video.reelswave.net/profile
2026-01-20 17:02:09,441 - utils.logger_utils - INFO - 成功导航到URL: https://video.reelswave.net/profile
2026-01-20 17:02:11,446 - utils.logger_utils - INFO - 页面加载完成
2026-01-20 17:02:21,457 - utils.logger_utils - ERROR - 点击元素 [document] > html.dark > head > link 时出错: 
No element found.
Method: ele()
Arguments: {'locator': '[document] > html.dark > head > link', 'index': 1, 'timeout': 10}
Version: 4.1.1.2
2026-01-20 17:02:21,458 - utils.logger_utils - ERROR - 点击元素 link 时出错: 
No element found.
Method: ele()
Arguments: {'locator': '[document] > html.dark > head > link', 'index': 1, 'timeout': 10}
Version: 4.1.1.2
2026-01-20 17:02:21,458 - utils.logger_utils - INFO - 返回到主页面: https://video.reelswave.net/profile
2026-01-20 17:02:21,458 - utils.logger_utils - INFO - 正在导航到URL: https://video.reelswave.net/profile
2026-01-20 17:02:22,891 - utils.logger_utils - INFO - 成功导航到URL: https://video.reelswave.net/profile
2026-01-20 17:02:24,894 - utils.logger_utils - INFO - 页面加载完成
2026-01-20 17:02:24,894 - utils.logger_utils - INFO - 尝试点击元素: link ([document] > html.dark > head > link)
2026-01-20 17:02:24,894 - utils.logger_utils - INFO - 返回到主页面: https://video.reelswave.net/profile
2026-01-20 17:02:24,894 - utils.logger_utils - INFO - 正在导航到URL: https://video.reelswave.net/profile
2026-01-20 17:02:25,702 - utils.logger_utils - INFO - 成功导航到URL: https://video.reelswave.net/profile
2026-01-20 17:02:27,707 - utils.logger_utils - INFO - 页面加载完成
2026-01-20 17:02:37,711 - utils.logger_utils - ERROR - 点击元素 [document] > html.dark > head > link 时出错: 
No element found.
Method: ele()
Arguments: {'locator': '[document] > html.dark > head > link', 'index': 1, 'timeout': 10}
Version: 4.1.1.2
2026-01-20 17:02:37,711 - utils.logger_utils - ERROR - 点击元素 link 时出错: 
No element found.
Method: ele()
Arguments: {'locator': '[document] > html.dark > head > link', 'index': 1, 'timeout': 10}
Version: 4.1.1.2
2026-01-20 17:02:37,711 - utils.logger_utils - INFO - 返回到主页面: https://video.reelswave.net/profile
2026-01-20 17:02:37,711 - utils.logger_utils - INFO - 正在导航到URL: https://video.reelswave.net/profile
2026-01-20 17:02:38,460 - utils.logger_utils - INFO - 成功导航到URL: https://video.reelswave.net/profile
2026-01-20 17:02:40,463 - utils.logger_utils - INFO - 页面加载完成
2026-01-20 17:02:40,463 - utils.logger_utils - INFO - 尝试点击元素: link ([document] > html.dark > head > link)
2026-01-20 17:02:40,463 - utils.logger_utils - INFO - 返回到主页面: https://video.reelswave.net/profile
2026-01-20 17:02:40,464 - utils.logger_utils - INFO - 正在导航到URL: https://video.reelswave.net/profile
2026-01-20 17:02:41,079 - utils.logger_utils - INFO - 成功导航到URL: https://video.reelswave.net/profile
2026-01-20 17:02:43,082 - utils.logger_utils - INFO - 页面加载完成
2026-01-20 17:02:53,095 - utils.logger_utils - ERROR - 点击元素 [document] > html.dark > head > link 时出错: 
No element found.
Method: ele()
Arguments: {'locator': '[document] > html.dark > head > link', 'index': 1, 'timeout': 10}
Version: 4.1.1.2
2026-01-20 17:02:53,095 - utils.logger_utils - ERROR - 点击元素 link 时出错: 
No element found.
Method: ele()
Arguments: {'locator': '[document] > html.dark > head > link', 'index': 1, 'timeout': 10}
Version: 4.1.1.2
2026-01-20 17:02:53,095 - utils.logger_utils - INFO - 返回到主页面: https://video.reelswave.net/profile
2026-01-20 17:02:53,096 - utils.logger_utils - INFO - 正在导航到URL: https://video.reelswave.net/profile
2026-01-20 17:02:54,596 - utils.logger_utils - INFO - 成功导航到URL: https://video.reelswave.net/profile
2026-01-20 17:02:56,600 - utils.logger_utils - INFO - 页面加载完成
2026-01-20 17:02:56,600 - utils.logger_utils - INFO - 尝试点击元素: link ([document] > html.dark > head > link)
2026-01-20 17:02:56,601 - utils.logger_utils - INFO - 返回到主页面: https://video.reelswave.net/profile
2026-01-20 17:02:56,601 - utils.logger_utils - INFO - 正在导航到URL: https://video.reelswave.net/profile
2026-01-20 17:02:57,238 - utils.logger_utils - INFO - 成功导航到URL: https://video.reelswave.net/profile
2026-01-20 17:02:59,243 - utils.logger_utils - INFO - 页面加载完成
2026-01-20 17:03:09,249 - utils.logger_utils - ERROR - 点击元素 [document] > html.dark > head > link 时出错: 
No element found.
Method: ele()
Arguments: {'locator': '[document] > html.dark > head > link', 'index': 1, 'timeout': 10}
Version: 4.1.1.2
2026-01-20 17:03:09,250 - utils.logger_utils - ERROR - 点击元素 link 时出错: 
No element found.
Method: ele()
Arguments: {'locator': '[document] > html.dark > head > link', 'index': 1, 'timeout': 10}
Version: 4.1.1.2
2026-01-20 17:03:09,250 - utils.logger_utils - INFO - 返回到主页面: https://video.reelswave.net/profile
2026-01-20 17:03:09,250 - utils.logger_utils - INFO - 正在导航到URL: https://video.reelswave.net/profile
2026-01-20 17:03:10,061 - utils.logger_utils - INFO - 成功导航到URL: https://video.reelswave.net/profile
2026-01-20 17:03:12,063 - utils.logger_utils - INFO - 页面加载完成
2026-01-20 17:03:12,063 - utils.logger_utils - INFO - 尝试点击元素: link ([document] > html.dark > head > link)
2026-01-20 17:03:12,063 - utils.logger_utils - INFO - 返回到主页面: https://video.reelswave.net/profile
2026-01-20 17:03:12,063 - utils.logger_utils - INFO - 正在导航到URL: https://video.reelswave.net/profile
2026-01-20 17:03:12,655 - utils.logger_utils - INFO - 成功导航到URL: https://video.reelswave.net/profile
2026-01-20 17:03:14,660 - utils.logger_utils - INFO - 页面加载完成
2026-01-20 17:03:24,673 - utils.logger_utils - ERROR - 点击元素 [document] > html.dark > head > link 时出错: 
No element found.
Method: ele()
Arguments: {'locator': '[document] > html.dark > head > link', 'index': 1, 'timeout': 10}
Version: 4.1.1.2
2026-01-20 17:03:24,673 - utils.logger_utils - ERROR - 点击元素 link 时出错: 
No element found.
Method: ele()
Arguments: {'locator': '[document] > html.dark > head > link', 'index': 1, 'timeout': 10}
Version: 4.1.1.2
2026-01-20 17:03:24,673 - utils.logger_utils - INFO - 返回到主页面: https://video.reelswave.net/profile
2026-01-20 17:03:24,673 - utils.logger_utils - INFO - 正在导航到URL: https://video.reelswave.net/profile
2026-01-20 17:03:25,500 - utils.logger_utils - INFO - 成功导航到URL: https://video.reelswave.net/profile
2026-01-20 17:03:27,504 - utils.logger_utils - INFO - 页面加载完成
2026-01-20 17:03:27,504 - utils.logger_utils - INFO - 尝试点击元素: link ([document] > html.dark > head > link)
2026-01-20 17:03:27,504 - utils.logger_utils - INFO - 返回到主页面: https://video.reelswave.net/profile
2026-01-20 17:03:27,504 - utils.logger_utils - INFO - 正在导航到URL: https://video.reelswave.net/profile
2026-01-20 17:03:28,089 - utils.logger_utils - INFO - 成功导航到URL: https://video.reelswave.net/profile
2026-01-20 17:03:30,094 - utils.logger_utils - INFO - 页面加载完成
2026-01-20 17:17:24,785 - utils.logger_utils - INFO - ==================================================
2026-01-20 17:17:24,785 - utils.logger_utils - INFO - 开始个人中心页面遍历测试
2026-01-20 17:17:24,785 - utils.logger_utils - INFO - ==================================================
2026-01-20 17:17:24,785 - utils.logger_utils - INFO - 正在打开浏览器...
2026-01-20 17:17:24,785 - utils.logger_utils - INFO - 检查并清理端口 9223...
2026-01-20 17:17:24,811 - utils.logger_utils - INFO - 端口 9223 未被占用
2026-01-20 17:17:28,214 - utils.logger_utils - INFO - 启动为移动端模拟模式
2026-01-20 17:17:28,215 - utils.logger_utils - INFO - User-Agent: Mozilla/5.0 (iPhone; CPU iPhone OS 17_0 like Mac OS X) AppleWebKit/605.1.15 (KHTML, like Gecko) Version/17.0 Mobile/15E148 Safari/604.1
2026-01-20 17:17:28,215 - utils.logger_utils - INFO - 导航到个人中心页面...
2026-01-20 17:17:30,050 - utils.logger_utils - INFO - 等待页面加载...
2026-01-20 17:17:32,055 - utils.logger_utils - INFO - 页面加载完成
2026-01-20 17:17:32,057 - utils.logger_utils - INFO - 当前页面URL: https://video.reelswave.net/profile
2026-01-20 17:17:32,058 - utils.logger_utils - INFO - 页面标题: Profile - Short Drama Selection
2026-01-20 17:17:32,067 - utils.logger_utils - INFO - 页面容器已加载
2026-01-20 17:17:32,067 - utils.logger_utils - INFO - 创建个人中心遍历测试实例...
2026-01-20 17:17:32,068 - utils.logger_utils - INFO - 开始遍历个人中心页面元素...
2026-01-20 17:17:32,068 - utils.logger_utils - INFO - 开始遍历页面元素: Profile
2026-01-20 17:17:32,068 - utils.logger_utils - INFO - 等待页面加载完成...
2026-01-20 17:17:34,073 - utils.logger_utils - INFO - 页面加载完成
2026-01-20 17:17:34,080 - utils.logger_utils - INFO - 页面容器已加载
2026-01-20 17:17:34,080 - utils.logger_utils - INFO - 保存页面HTML: Profile
2026-01-20 17:17:34,092 - utils.logger_utils - INFO - HTML内容长度: 23867 字符
2026-01-20 17:17:34,093 - utils.logger_utils - INFO - HTML已保存到: html_files/profile.html
2026-01-20 17:17:34,093 - utils.logger_utils - INFO - 开始从HTML文件提取可交互元素: html_files/profile.html
2026-01-20 17:17:34,093 - utils.logger_utils - INFO - HTML文件大小: 23871 字节
2026-01-20 17:17:34,093 - utils.logger_utils - INFO - 开始解析HTML文件: html_files/profile.html
2026-01-20 17:17:34,093 - utils.logger_utils - INFO - 开始解析HTML内容，长度: 23867 字符
2026-01-20 17:17:34,095 - utils.logger_utils - INFO - HTML中共有 101 个元素
2026-01-20 17:17:34,095 - utils.logger_utils - INFO - 共找到 58 个可交互元素
2026-01-20 17:17:34,095 - utils.logger_utils - INFO - 成功提取 58 个可交互元素
2026-01-20 17:17:34,095 - utils.logger_utils - INFO - 元素 1: 名称=link, CSS路径=[document] > html.dark > head > link
2026-01-20 17:17:34,095 - utils.logger_utils - INFO - 元素 2: 名称=link, CSS路径=[document] > html.dark > head > link
2026-01-20 17:17:34,095 - utils.logger_utils - INFO - 元素 3: 名称=link, CSS路径=[document] > html.dark > head > link
2026-01-20 17:17:34,095 - utils.logger_utils - INFO - 元素 4: 名称=link, CSS路径=[document] > html.dark > head > link
2026-01-20 17:17:34,095 - utils.logger_utils - INFO - 元素 5: 名称=link, CSS路径=[document] > html.dark > head > link
2026-01-20 17:17:34,095 - utils.logger_utils - INFO - 还有 53 个元素...
2026-01-20 17:17:34,095 - utils.logger_utils - INFO - 找到 58 个可交互元素
2026-01-20 17:17:34,095 - utils.logger_utils - INFO - 尝试点击元素: link ([document] > html.dark > head > link)
2026-01-20 17:17:34,095 - utils.logger_utils - INFO - 返回到主页面: https://video.reelswave.net/profile
2026-01-20 17:17:34,096 - utils.logger_utils - INFO - 正在导航到URL: https://video.reelswave.net/profile
2026-01-20 17:17:34,849 - utils.logger_utils - INFO - 成功导航到URL: https://video.reelswave.net/profile
2026-01-20 17:17:36,854 - utils.logger_utils - INFO - 页面加载完成
2026-01-20 17:17:46,857 - utils.logger_utils - ERROR - 点击元素 [document] > html.dark > head > link 时出错: 
No element found.
Method: ele()
Arguments: {'locator': '[document] > html.dark > head > link', 'index': 1, 'timeout': 10}
Version: 4.1.1.2
2026-01-20 17:17:46,857 - utils.logger_utils - ERROR - 点击元素 link 时出错: 
No element found.
Method: ele()
Arguments: {'locator': '[document] > html.dark > head > link', 'index': 1, 'timeout': 10}
Version: 4.1.1.2
2026-01-20 17:17:46,857 - utils.logger_utils - INFO - 返回到主页面: https://video.reelswave.net/profile
2026-01-20 17:17:46,858 - utils.logger_utils - INFO - 正在导航到URL: https://video.reelswave.net/profile
2026-01-20 17:17:48,089 - utils.logger_utils - INFO - 成功导航到URL: https://video.reelswave.net/profile
2026-01-20 17:17:50,094 - utils.logger_utils - INFO - 页面加载完成
2026-01-20 17:17:50,094 - utils.logger_utils - INFO - 尝试点击元素: link ([document] > html.dark > head > link)
2026-01-20 17:17:50,094 - utils.logger_utils - INFO - 返回到主页面: https://video.reelswave.net/profile
2026-01-20 17:17:50,095 - utils.logger_utils - INFO - 正在导航到URL: https://video.reelswave.net/profile
2026-01-20 17:17:50,694 - utils.logger_utils - INFO - 成功导航到URL: https://video.reelswave.net/profile
2026-01-20 17:17:52,696 - utils.logger_utils - INFO - 页面加载完成
2026-01-20 17:18:02,705 - utils.logger_utils - ERROR - 点击元素 [document] > html.dark > head > link 时出错: 
No element found.
Method: ele()
Arguments: {'locator': '[document] > html.dark > head > link', 'index': 1, 'timeout': 10}
Version: 4.1.1.2
2026-01-20 17:18:02,705 - utils.logger_utils - ERROR - 点击元素 link 时出错: 
No element found.
Method: ele()
Arguments: {'locator': '[document] > html.dark > head > link', 'index': 1, 'timeout': 10}
Version: 4.1.1.2
2026-01-20 17:18:02,705 - utils.logger_utils - INFO - 返回到主页面: https://video.reelswave.net/profile
2026-01-20 17:18:02,705 - utils.logger_utils - INFO - 正在导航到URL: https://video.reelswave.net/profile
2026-01-20 17:18:03,707 - utils.logger_utils - INFO - 成功导航到URL: https://video.reelswave.net/profile
2026-01-20 17:18:05,712 - utils.logger_utils - INFO - 页面加载完成
2026-01-20 17:18:05,712 - utils.logger_utils - INFO - 尝试点击元素: link ([document] > html.dark > head > link)
2026-01-20 17:18:05,712 - utils.logger_utils - INFO - 返回到主页面: https://video.reelswave.net/profile
2026-01-20 17:18:05,712 - utils.logger_utils - INFO - 正在导航到URL: https://video.reelswave.net/profile
2026-01-20 17:18:07,034 - utils.logger_utils - INFO - 成功导航到URL: https://video.reelswave.net/profile
2026-01-20 17:18:09,037 - utils.logger_utils - INFO - 页面加载完成
2026-01-20 17:18:19,048 - utils.logger_utils - ERROR - 点击元素 [document] > html.dark > head > link 时出错: 
No element found.
Method: ele()
Arguments: {'locator': '[document] > html.dark > head > link', 'index': 1, 'timeout': 10}
Version: 4.1.1.2
2026-01-20 17:18:19,048 - utils.logger_utils - ERROR - 点击元素 link 时出错: 
No element found.
Method: ele()
Arguments: {'locator': '[document] > html.dark > head > link', 'index': 1, 'timeout': 10}
Version: 4.1.1.2
2026-01-20 17:18:19,048 - utils.logger_utils - INFO - 返回到主页面: https://video.reelswave.net/profile
2026-01-20 17:18:19,048 - utils.logger_utils - INFO - 正在导航到URL: https://video.reelswave.net/profile
2026-01-20 17:18:19,815 - utils.logger_utils - INFO - 成功导航到URL: https://video.reelswave.net/profile
2026-01-20 17:18:21,820 - utils.logger_utils - INFO - 页面加载完成
2026-01-20 17:18:21,820 - utils.logger_utils - INFO - 尝试点击元素: link ([document] > html.dark > head > link)
2026-01-20 17:18:21,820 - utils.logger_utils - INFO - 返回到主页面: https://video.reelswave.net/profile
2026-01-20 17:18:21,821 - utils.logger_utils - INFO - 正在导航到URL: https://video.reelswave.net/profile
2026-01-20 17:18:23,573 - utils.logger_utils - INFO - 成功导航到URL: https://video.reelswave.net/profile
2026-01-20 17:18:25,577 - utils.logger_utils - INFO - 页面加载完成
2026-01-20 17:18:35,582 - utils.logger_utils - ERROR - 点击元素 [document] > html.dark > head > link 时出错: 
No element found.
Method: ele()
Arguments: {'locator': '[document] > html.dark > head > link', 'index': 1, 'timeout': 10}
Version: 4.1.1.2
2026-01-20 17:18:35,583 - utils.logger_utils - ERROR - 点击元素 link 时出错: 
No element found.
Method: ele()
Arguments: {'locator': '[document] > html.dark > head > link', 'index': 1, 'timeout': 10}
Version: 4.1.1.2
2026-01-20 17:18:35,583 - utils.logger_utils - INFO - 返回到主页面: https://video.reelswave.net/profile
2026-01-20 17:18:35,583 - utils.logger_utils - INFO - 正在导航到URL: https://video.reelswave.net/profile
2026-01-20 17:18:37,815 - utils.logger_utils - INFO - 成功导航到URL: https://video.reelswave.net/profile
2026-01-20 17:18:39,818 - utils.logger_utils - INFO - 页面加载完成
2026-01-20 17:18:39,818 - utils.logger_utils - INFO - 尝试点击元素: link ([document] > html.dark > head > link)
2026-01-20 17:18:39,818 - utils.logger_utils - INFO - 返回到主页面: https://video.reelswave.net/profile
2026-01-20 17:18:39,818 - utils.logger_utils - INFO - 正在导航到URL: https://video.reelswave.net/profile
2026-01-20 17:18:40,366 - utils.logger_utils - INFO - 成功导航到URL: https://video.reelswave.net/profile
2026-01-20 17:18:42,369 - utils.logger_utils - INFO - 页面加载完成
2026-01-20 17:51:45,124 - utils.logger_utils - INFO - ==================================================
2026-01-20 17:51:45,124 - utils.logger_utils - INFO - 开始个人中心页面遍历测试
2026-01-20 17:51:45,124 - utils.logger_utils - INFO - ==================================================
2026-01-20 17:51:45,124 - utils.logger_utils - INFO - 正在打开浏览器...
2026-01-20 17:51:45,124 - utils.logger_utils - INFO - 检查并清理端口 9223...
2026-01-20 17:51:45,159 - utils.logger_utils - INFO - 端口 9223 未被占用
2026-01-20 17:51:48,365 - utils.logger_utils - INFO - 启动为移动端模拟模式
2026-01-20 17:51:48,366 - utils.logger_utils - INFO - User-Agent: Mozilla/5.0 (iPhone; CPU iPhone OS 17_0 like Mac OS X) AppleWebKit/605.1.15 (KHTML, like Gecko) Version/17.0 Mobile/15E148 Safari/604.1
2026-01-20 17:51:48,366 - utils.logger_utils - INFO - 导航到个人中心页面...
2026-01-20 17:51:48,983 - utils.logger_utils - INFO - 等待页面加载...
2026-01-20 17:51:50,987 - utils.logger_utils - INFO - 页面加载完成
2026-01-20 17:51:50,988 - utils.logger_utils - INFO - 当前页面URL: https://video.reelswave.net/profile
2026-01-20 17:51:50,989 - utils.logger_utils - INFO - 页面标题: Profile - Short Drama Selection
2026-01-20 17:51:50,995 - utils.logger_utils - INFO - 页面容器已加载
2026-01-20 17:51:50,995 - utils.logger_utils - INFO - 创建个人中心遍历测试实例...
2026-01-20 17:51:50,996 - utils.logger_utils - INFO - 开始遍历个人中心页面元素...
2026-01-20 17:51:50,996 - utils.logger_utils - INFO - 开始遍历页面元素: Profile
2026-01-20 17:51:50,996 - utils.logger_utils - INFO - 等待页面加载完成...
2026-01-20 17:51:53,001 - utils.logger_utils - INFO - 页面加载完成
2026-01-20 17:51:53,008 - utils.logger_utils - INFO - 页面容器已加载
2026-01-20 17:51:53,009 - utils.logger_utils - INFO - 保存页面HTML: Profile
2026-01-20 17:51:53,020 - utils.logger_utils - INFO - HTML内容长度: 23910 字符
2026-01-20 17:51:53,020 - utils.logger_utils - INFO - HTML已保存到: html_files/profile.html
2026-01-20 17:51:53,020 - utils.logger_utils - INFO - 开始从HTML文件提取可交互元素: html_files/profile.html
2026-01-20 17:51:53,020 - utils.logger_utils - INFO - HTML文件大小: 23914 字节
2026-01-20 17:51:53,020 - utils.logger_utils - INFO - 开始解析HTML文件: html_files/profile.html
2026-01-20 17:51:53,021 - utils.logger_utils - INFO - 开始解析HTML内容，长度: 23910 字符
2026-01-20 17:51:53,022 - utils.logger_utils - INFO - HTML中共有 101 个元素
2026-01-20 17:51:53,023 - utils.logger_utils - INFO - 共找到 58 个可交互元素
2026-01-20 17:51:53,023 - utils.logger_utils - INFO - 成功提取 58 个可交互元素
2026-01-20 17:51:53,023 - utils.logger_utils - INFO - 元素 1: 名称=link, CSS路径=[document] > html.dark > head > link
2026-01-20 17:51:53,023 - utils.logger_utils - INFO - 元素 2: 名称=link, CSS路径=[document] > html.dark > head > link
2026-01-20 17:51:53,023 - utils.logger_utils - INFO - 元素 3: 名称=link, CSS路径=[document] > html.dark > head > link
2026-01-20 17:51:53,023 - utils.logger_utils - INFO - 元素 4: 名称=link, CSS路径=[document] > html.dark > head > link
2026-01-20 17:51:53,023 - utils.logger_utils - INFO - 元素 5: 名称=link, CSS路径=[document] > html.dark > head > link
2026-01-20 17:51:53,024 - utils.logger_utils - INFO - 还有 53 个元素...
2026-01-20 17:51:53,024 - utils.logger_utils - INFO - 找到 58 个可交互元素
2026-01-20 17:51:53,024 - utils.logger_utils - INFO - 尝试点击元素: link ([document] > html.dark > head > link)
2026-01-20 17:51:53,024 - utils.logger_utils - INFO - 返回到主页面: https://video.reelswave.net/profile
2026-01-20 17:51:53,024 - utils.logger_utils - INFO - 正在导航到URL: https://video.reelswave.net/profile
2026-01-20 17:51:53,856 - utils.logger_utils - INFO - 成功导航到URL: https://video.reelswave.net/profile
2026-01-20 17:51:55,859 - utils.logger_utils - INFO - 页面加载完成
2026-01-20 17:52:05,865 - utils.logger_utils - ERROR - 点击元素 [document] > html.dark > head > link 时出错: 
No element found.
Method: ele()
Arguments: {'locator': '[document] > html.dark > head > link', 'index': 1, 'timeout': 10}
Version: 4.1.1.2
2026-01-20 17:52:05,865 - utils.logger_utils - ERROR - 点击元素 link 时出错: 
No element found.
Method: ele()
Arguments: {'locator': '[document] > html.dark > head > link', 'index': 1, 'timeout': 10}
Version: 4.1.1.2
2026-01-20 17:52:05,866 - utils.logger_utils - INFO - 返回到主页面: https://video.reelswave.net/profile
2026-01-20 17:52:05,866 - utils.logger_utils - INFO - 正在导航到URL: https://video.reelswave.net/profile
2026-01-20 17:52:06,702 - utils.logger_utils - INFO - 成功导航到URL: https://video.reelswave.net/profile
2026-01-20 17:52:08,707 - utils.logger_utils - INFO - 页面加载完成
2026-01-20 17:52:08,707 - utils.logger_utils - INFO - 尝试点击元素: link ([document] > html.dark > head > link)
2026-01-20 17:52:08,707 - utils.logger_utils - INFO - 返回到主页面: https://video.reelswave.net/profile
2026-01-20 17:52:08,707 - utils.logger_utils - INFO - 正在导航到URL: https://video.reelswave.net/profile
2026-01-20 17:52:09,746 - utils.logger_utils - INFO - 成功导航到URL: https://video.reelswave.net/profile
2026-01-20 17:52:11,748 - utils.logger_utils - INFO - 页面加载完成
2026-01-20 17:52:21,758 - utils.logger_utils - ERROR - 点击元素 [document] > html.dark > head > link 时出错: 
No element found.
Method: ele()
Arguments: {'locator': '[document] > html.dark > head > link', 'index': 1, 'timeout': 10}
Version: 4.1.1.2
2026-01-20 17:52:21,758 - utils.logger_utils - ERROR - 点击元素 link 时出错: 
No element found.
Method: ele()
Arguments: {'locator': '[document] > html.dark > head > link', 'index': 1, 'timeout': 10}
Version: 4.1.1.2
2026-01-20 17:52:21,759 - utils.logger_utils - INFO - 返回到主页面: https://video.reelswave.net/profile
2026-01-20 17:52:21,759 - utils.logger_utils - INFO - 正在导航到URL: https://video.reelswave.net/profile
2026-01-20 17:52:22,609 - utils.logger_utils - INFO - 成功导航到URL: https://video.reelswave.net/profile
2026-01-20 17:52:24,612 - utils.logger_utils - INFO - 页面加载完成
2026-01-20 17:52:24,613 - utils.logger_utils - INFO - 尝试点击元素: link ([document] > html.dark > head > link)
2026-01-20 17:52:24,613 - utils.logger_utils - INFO - 返回到主页面: https://video.reelswave.net/profile
2026-01-20 17:52:24,614 - utils.logger_utils - INFO - 正在导航到URL: https://video.reelswave.net/profile
2026-01-20 17:52:25,157 - utils.logger_utils - INFO - 成功导航到URL: https://video.reelswave.net/profile
2026-01-20 17:52:27,158 - utils.logger_utils - INFO - 页面加载完成
2026-01-20 18:46:35,657 - utils.logger_utils - INFO - ==================================================
2026-01-20 18:46:35,657 - utils.logger_utils - INFO - 开始个人中心页面遍历测试
2026-01-20 18:46:35,657 - utils.logger_utils - INFO - ==================================================
2026-01-20 18:46:35,657 - utils.logger_utils - INFO - 正在打开浏览器...
2026-01-20 18:46:35,657 - utils.logger_utils - INFO - 检查并清理端口 9223...
2026-01-20 18:46:35,693 - utils.logger_utils - INFO - 端口 9223 未被占用
2026-01-20 18:46:41,320 - utils.logger_utils - INFO - 启动为移动端模拟模式
2026-01-20 18:46:41,322 - utils.logger_utils - INFO - User-Agent: Mozilla/5.0 (iPhone; CPU iPhone OS 17_0 like Mac OS X) AppleWebKit/605.1.15 (KHTML, like Gecko) Version/17.0 Mobile/15E148 Safari/604.1
2026-01-20 18:46:41,322 - utils.logger_utils - INFO - 导航到个人中心页面...
2026-01-20 18:46:42,169 - utils.logger_utils - INFO - 等待页面加载...
2026-01-20 18:46:44,173 - utils.logger_utils - INFO - 页面加载完成
2026-01-20 18:46:44,175 - utils.logger_utils - INFO - 当前页面URL: https://video.reelswave.net/profile
2026-01-20 18:46:44,175 - utils.logger_utils - INFO - 页面标题: Profile - Short Drama Selection
2026-01-20 18:46:44,185 - utils.logger_utils - INFO - 页面容器已加载
2026-01-20 18:46:44,186 - utils.logger_utils - INFO - 创建个人中心遍历测试实例...
2026-01-20 18:46:44,186 - utils.logger_utils - INFO - 开始遍历个人中心页面元素...
2026-01-20 18:46:44,186 - utils.logger_utils - INFO - 开始遍历页面元素: Profile
2026-01-20 18:46:44,186 - utils.logger_utils - INFO - 等待页面加载完成...
2026-01-20 18:46:46,190 - utils.logger_utils - INFO - 页面加载完成
2026-01-20 18:46:46,447 - utils.logger_utils - INFO - 页面容器已加载
2026-01-20 18:46:46,448 - utils.logger_utils - INFO - 保存页面HTML: Profile
2026-01-20 18:46:46,454 - utils.logger_utils - INFO - HTML内容长度: 23994 字符
2026-01-20 18:46:46,454 - utils.logger_utils - INFO - HTML已保存到: html_files/profile.html
2026-01-20 18:46:46,454 - utils.logger_utils - INFO - 开始从HTML文件提取可交互元素: html_files/profile.html
2026-01-20 18:46:46,454 - utils.logger_utils - INFO - HTML文件大小: 23998 字节
2026-01-20 18:46:46,454 - utils.logger_utils - INFO - 开始解析HTML文件: html_files/profile.html
2026-01-20 18:46:46,455 - utils.logger_utils - INFO - 开始解析HTML内容，长度: 23994 字符
2026-01-20 18:46:46,460 - utils.logger_utils - INFO - HTML中共有 102 个元素
2026-01-20 18:46:46,462 - utils.logger_utils - INFO - 共找到 58 个可交互元素
2026-01-20 18:46:46,462 - utils.logger_utils - INFO - 成功提取 58 个可交互元素
2026-01-20 18:46:46,462 - utils.logger_utils - INFO - 元素 1: 名称=link, CSS路径=[document] > html.dark > head > link:nth-child(1)
2026-01-20 18:46:46,462 - utils.logger_utils - INFO - 元素 2: 名称=link, CSS路径=[document] > html.dark > head > link:nth-child(2)
2026-01-20 18:46:46,462 - utils.logger_utils - INFO - 元素 3: 名称=link, CSS路径=[document] > html.dark > head > link:nth-child(3)
2026-01-20 18:46:46,462 - utils.logger_utils - INFO - 元素 4: 名称=link, CSS路径=[document] > html.dark > head > link:nth-child(4)
2026-01-20 18:46:46,462 - utils.logger_utils - INFO - 元素 5: 名称=link, CSS路径=[document] > html.dark > head > link:nth-child(5)
2026-01-20 18:46:46,463 - utils.logger_utils - INFO - 还有 53 个元素...
2026-01-20 18:46:46,463 - utils.logger_utils - INFO - 找到 58 个可交互元素
2026-01-20 18:46:46,463 - utils.logger_utils - INFO - 尝试点击元素: link ([document] > html.dark > head > link:nth-child(1))
2026-01-20 18:46:46,463 - utils.logger_utils - INFO - 返回到主页面: https://video.reelswave.net/profile
2026-01-20 18:46:46,463 - utils.logger_utils - INFO - 正在导航到URL: https://video.reelswave.net/profile
2026-01-20 18:46:48,216 - utils.logger_utils - INFO - 成功导航到URL: https://video.reelswave.net/profile
2026-01-20 18:46:50,216 - utils.logger_utils - INFO - 页面加载完成
2026-01-20 18:47:00,219 - utils.logger_utils - ERROR - 点击元素 [document] > html.dark > head > link:nth-child(1) 时出错: 
No element found.
Method: ele()
Arguments: {'locator': '[document] > html.dark > head > link:nth-child(1)', 'index': 1, 'timeout': 10}
Version: 4.1.1.2
2026-01-20 18:47:00,219 - utils.logger_utils - ERROR - 点击元素 link 时出错: 
No element found.
Method: ele()
Arguments: {'locator': '[document] > html.dark > head > link:nth-child(1)', 'index': 1, 'timeout': 10}
Version: 4.1.1.2
2026-01-20 18:47:00,219 - utils.logger_utils - INFO - 返回到主页面: https://video.reelswave.net/profile
2026-01-20 18:47:00,219 - utils.logger_utils - INFO - 正在导航到URL: https://video.reelswave.net/profile
2026-01-20 18:47:00,873 - utils.logger_utils - INFO - 成功导航到URL: https://video.reelswave.net/profile
2026-01-20 18:47:02,878 - utils.logger_utils - INFO - 页面加载完成
2026-01-20 18:47:02,879 - utils.logger_utils - INFO - 尝试点击元素: link ([document] > html.dark > head > link:nth-child(2))
2026-01-20 18:47:02,879 - utils.logger_utils - INFO - 返回到主页面: https://video.reelswave.net/profile
2026-01-20 18:47:02,879 - utils.logger_utils - INFO - 正在导航到URL: https://video.reelswave.net/profile
2026-01-20 18:47:03,569 - utils.logger_utils - INFO - 成功导航到URL: https://video.reelswave.net/profile
2026-01-20 18:47:05,574 - utils.logger_utils - INFO - 页面加载完成
